[2026-03-06 11:19:45] production.ERROR: Database file at path [/app/database/database.sqlite] does not exist. Ensure this is an absolute path to the database. (Connection: sqlite, SQL: select exists (select 1 from sqlite_master where name = 'migrations' and type = 'table') as "exists") {"exception":"[object] (Illuminate\\Database\\QueryException(code: 0): Database file at path [/app/database/database.sqlite] does not exist. Ensure this is an absolute path to the database. (Connection: sqlite, SQL: select exists (select 1 from sqlite_master where name = 'migrations' and type = 'table') as \"exists\") at /app/vendor/laravel/framework/src/Illuminate/Database/Connection.php:825)
[stacktrace]
#0 /app/vendor/laravel/framework/src/Illuminate/Database/Connection.php(779): Illuminate\\Database\\Connection->runQueryCallback()
#1 /app/vendor/laravel/framework/src/Illuminate/Database/Connection.php(398): Illuminate\\Database\\Connection->run()
#2 /app/vendor/laravel/framework/src/Illuminate/Database/Connection.php(344): Illuminate\\Database\\Connection->select()
#3 /app/vendor/laravel/framework/src/Illuminate/Database/Connection.php(361): Illuminate\\Database\\Connection->selectOne()
#4 /app/vendor/laravel/framework/src/Illuminate/Database/Schema/SQLiteBuilder.php(44): Illuminate\\Database\\Connection->scalar()
#5 /app/vendor/laravel/framework/src/Illuminate/Database/Migrations/DatabaseMigrationRepository.php(184): Illuminate\\Database\\Schema\\SQLiteBuilder->hasTable()
#6 /app/vendor/laravel/framework/src/Illuminate/Database/Migrations/Migrator.php(742): Illuminate\\Database\\Migrations\\DatabaseMigrationRepository->repositoryExists()
#7 /app/vendor/laravel/framework/src/Illuminate/Database/Console/Migrations/StatusCommand.php(56): Illuminate\\Database\\Migrations\\Migrator->repositoryExists()
#8 /app/vendor/laravel/framework/src/Illuminate/Database/Migrations/Migrator.php(658): Illuminate\\Database\\Console\\Migrations\\StatusCommand->Illuminate\\Database\\Console\\Migrations\\{closure}()
#9 /app/vendor/laravel/framework/src/Illuminate/Database/Console/Migrations/StatusCommand.php(55): Illuminate\\Database\\Migrations\\Migrator->usingConnection()
#10 /app/vendor/laravel/framework/src/Illuminate/Container/BoundMethod.php(36): Illuminate\\Database\\Console\\Migrations\\StatusCommand->handle()
#11 /app/vendor/laravel/framework/src/Illuminate/Container/Util.php(43): Illuminate\\Container\\BoundMethod::Illuminate\\Container\\{closure}()
#12 /app/vendor/laravel/framework/src/Illuminate/Container/BoundMethod.php(95): Illuminate\\Container\\Util::unwrapIfClosure()
#13 /app/vendor/laravel/framework/src/Illuminate/Container/BoundMethod.php(35): Illuminate\\Container\\BoundMethod::callBoundMethod()
#14 /app/vendor/laravel/framework/src/Illuminate/Container/Container.php(696): Illuminate\\Container\\BoundMethod::call()
#15 /app/vendor/laravel/framework/src/Illuminate/Console/Command.php(213): Illuminate\\Container\\Container->call()
#16 /app/vendor/symfony/console/Command/Command.php(341): Illuminate\\Console\\Command->execute()
#17 /app/vendor/laravel/framework/src/Illuminate/Console/Command.php(182): Symfony\\Component\\Console\\Command\\Command->run()
#18 /app/vendor/symfony/console/Application.php(1117): Illuminate\\Console\\Command->run()
#19 /app/vendor/symfony/console/Application.php(356): Symfony\\Component\\Console\\Application->doRunCommand()
#20 /app/vendor/symfony/console/Application.php(195): Symfony\\Component\\Console\\Application->doRun()
#21 /app/vendor/laravel/framework/src/Illuminate/Foundation/Console/Kernel.php(198): Symfony\\Component\\Console\\Application->run()
#22 /app/vendor/laravel/framework/src/Illuminate/Foundation/Application.php(1235): Illuminate\\Foundation\\Console\\Kernel->handle()
#23 /app/artisan(14): Illuminate\\Foundation\\Application->handleCommand()
#24 {main}

[previous exception] [object] (Illuminate\\Database\\SQLiteDatabaseDoesNotExistException(code: 0): Database file at path [/app/database/database.sqlite] does not exist. Ensure this is an absolute path to the database. at /app/vendor/laravel/framework/src/Illuminate/Database/Connectors/SQLiteConnector.php:37)
[stacktrace]
#0 /app/vendor/laravel/framework/src/Illuminate/Database/Connectors/ConnectionFactory.php(224): Illuminate\\Database\\Connectors\\SQLiteConnector->connect()
#1 [internal function]: Illuminate\\Database\\Connectors\\ConnectionFactory->Illuminate\\Database\\Connectors\\{closure}()
#2 /app/vendor/laravel/framework/src/Illuminate/Database/Connection.php(1231): call_user_func()
#3 /app/vendor/laravel/framework/src/Illuminate/Database/Connection.php(1267): Illuminate\\Database\\Connection->getPdo()
#4 /app/vendor/laravel/framework/src/Illuminate/Database/Connection.php(512): Illuminate\\Database\\Connection->getReadPdo()
#5 /app/vendor/laravel/framework/src/Illuminate/Database/Connection.php(407): Illuminate\\Database\\Connection->getPdoForSelect()
#6 /app/vendor/laravel/framework/src/Illuminate/Database/Connection.php(812): Illuminate\\Database\\Connection->Illuminate\\Database\\{closure}()
#7 /app/vendor/laravel/framework/src/Illuminate/Database/Connection.php(779): Illuminate\\Database\\Connection->runQueryCallback()
#8 /app/vendor/laravel/framework/src/Illuminate/Database/Connection.php(398): Illuminate\\Database\\Connection->run()
#9 /app/vendor/laravel/framework/src/Illuminate/Database/Connection.php(344): Illuminate\\Database\\Connection->select()
#10 /app/vendor/laravel/framework/src/Illuminate/Database/Connection.php(361): Illuminate\\Database\\Connection->selectOne()
#11 /app/vendor/laravel/framework/src/Illuminate/Database/Schema/SQLiteBuilder.php(44): Illuminate\\Database\\Connection->scalar()
#12 /app/vendor/laravel/framework/src/Illuminate/Database/Migrations/DatabaseMigrationRepository.php(184): Illuminate\\Database\\Schema\\SQLiteBuilder->hasTable()
#13 /app/vendor/laravel/framework/src/Illuminate/Database/Migrations/Migrator.php(742): Illuminate\\Database\\Migrations\\DatabaseMigrationRepository->repositoryExists()
#14 /app/vendor/laravel/framework/src/Illuminate/Database/Console/Migrations/StatusCommand.php(56): Illuminate\\Database\\Migrations\\Migrator->repositoryExists()
#15 /app/vendor/laravel/framework/src/Illuminate/Database/Migrations/Migrator.php(658): Illuminate\\Database\\Console\\Migrations\\StatusCommand->Illuminate\\Database\\Console\\Migrations\\{closure}()
#16 /app/vendor/laravel/framework/src/Illuminate/Database/Console/Migrations/StatusCommand.php(55): Illuminate\\Database\\Migrations\\Migrator->usingConnection()
#17 /app/vendor/laravel/framework/src/Illuminate/Container/BoundMethod.php(36): Illuminate\\Database\\Console\\Migrations\\StatusCommand->handle()
#18 /app/vendor/laravel/framework/src/Illuminate/Container/Util.php(43): Illuminate\\Container\\BoundMethod::Illuminate\\Container\\{closure}()
#19 /app/vendor/laravel/framework/src/Illuminate/Container/BoundMethod.php(95): Illuminate\\Container\\Util::unwrapIfClosure()
#20 /app/vendor/laravel/framework/src/Illuminate/Container/BoundMethod.php(35): Illuminate\\Container\\BoundMethod::callBoundMethod()
#21 /app/vendor/laravel/framework/src/Illuminate/Container/Container.php(696): Illuminate\\Container\\BoundMethod::call()
#22 /app/vendor/laravel/framework/src/Illuminate/Console/Command.php(213): Illuminate\\Container\\Container->call()
#23 /app/vendor/symfony/console/Command/Command.php(341): Illuminate\\Console\\Command->execute()
#24 /app/vendor/laravel/framework/src/Illuminate/Console/Command.php(182): Symfony\\Component\\Console\\Command\\Command->run()
#25 /app/vendor/symfony/console/Application.php(1117): Illuminate\\Console\\Command->run()
#26 /app/vendor/symfony/console/Application.php(356): Symfony\\Component\\Console\\Application->doRunCommand()
#27 /app/vendor/symfony/console/Application.php(195): Symfony\\Component\\Console\\Application->doRun()
#28 /app/vendor/laravel/framework/src/Illuminate/Foundation/Console/Kernel.php(198): Symfony\\Component\\Console\\Application->run()
#29 /app/vendor/laravel/framework/src/Illuminate/Foundation/Application.php(1235): Illuminate\\Foundation\\Console\\Kernel->handle()
#30 /app/artisan(14): Illuminate\\Foundation\\Application->handleCommand()
#31 {main}
"}
[2026-03-06 11:19:45] production.ERROR: SQLSTATE[HY000] [2002] Connection refused (Connection: mysql, SQL: select count(*) as aggregate from `telescope_entries` where `type` = exception and `family_hash` = 850a2e8614a20b92e7a1183709b1b1f5) {"exception":"[object] (Illuminate\\Database\\QueryException(code: 2002): SQLSTATE[HY000] [2002] Connection refused (Connection: mysql, SQL: select count(*) as aggregate from `telescope_entries` where `type` = exception and `family_hash` = 850a2e8614a20b92e7a1183709b1b1f5) at /app/vendor/laravel/framework/src/Illuminate/Database/Connection.php:825)
[stacktrace]
#0 /app/vendor/laravel/framework/src/Illuminate/Database/Connection.php(979): Illuminate\\Database\\Connection->runQueryCallback()
#1 /app/vendor/laravel/framework/src/Illuminate/Database/Connection.php(958): Illuminate\\Database\\Connection->tryAgainIfCausedByLostConnection()
#2 /app/vendor/laravel/framework/src/Illuminate/Database/Connection.php(781): Illuminate\\Database\\Connection->handleQueryException()
#3 /app/vendor/laravel/framework/src/Illuminate/Database/Connection.php(398): Illuminate\\Database\\Connection->run()
#4 /app/vendor/laravel/framework/src/Illuminate/Database/Query/Builder.php(3106): Illuminate\\Database\\Connection->select()
#5 /app/vendor/laravel/framework/src/Illuminate/Database/Query/Builder.php(3091): Illuminate\\Database\\Query\\Builder->runSelect()
#6 /app/vendor/laravel/framework/src/Illuminate/Database/Query/Builder.php(3676): Illuminate\\Database\\Query\\Builder->Illuminate\\Database\\Query\\{closure}()
#7 /app/vendor/laravel/framework/src/Illuminate/Database/Query/Builder.php(3090): Illuminate\\Database\\Query\\Builder->onceWithColumns()
#8 /app/vendor/laravel/framework/src/Illuminate/Database/Query/Builder.php(3603): Illuminate\\Database\\Query\\Builder->get()
#9 /app/vendor/laravel/framework/src/Illuminate/Database/Query/Builder.php(3531): Illuminate\\Database\\Query\\Builder->aggregate()
#10 /app/vendor/laravel/telescope/src/Storage/DatabaseEntriesRepository.php(123): Illuminate\\Database\\Query\\Builder->count()
#11 /app/vendor/laravel/telescope/src/Storage/DatabaseEntriesRepository.php(165): Laravel\\Telescope\\Storage\\DatabaseEntriesRepository->countExceptionOccurences()
#12 [internal function]: Laravel\\Telescope\\Storage\\DatabaseEntriesRepository->Laravel\\Telescope\\Storage\\{closure}()
#13 /app/vendor/laravel/framework/src/Illuminate/Collections/Arr.php(609): array_map()
#14 /app/vendor/laravel/framework/src/Illuminate/Collections/Collection.php(799): Illuminate\\Support\\Arr::map()
#15 /app/vendor/laravel/telescope/src/Storage/DatabaseEntriesRepository.php(164): Illuminate\\Support\\Collection->map()
#16 /app/vendor/laravel/framework/src/Illuminate/Collections/Traits/EnumeratesValues.php(261): Laravel\\Telescope\\Storage\\DatabaseEntriesRepository->Laravel\\Telescope\\Storage\\{closure}()
#17 /app/vendor/laravel/telescope/src/Storage/DatabaseEntriesRepository.php(163): Illuminate\\Support\\Collection->each()
#18 /app/vendor/laravel/telescope/src/Storage/DatabaseEntriesRepository.php(140): Laravel\\Telescope\\Storage\\DatabaseEntriesRepository->storeExceptions()
#19 /app/vendor/laravel/telescope/src/Telescope.php(664): Laravel\\Telescope\\Storage\\DatabaseEntriesRepository->store()
#20 [internal function]: Laravel\\Telescope\\Telescope::Laravel\\Telescope\\{closure}()
#21 /app/vendor/laravel/telescope/src/Telescope.php(289): call_user_func()
#22 /app/vendor/laravel/telescope/src/Telescope.php(656): Laravel\\Telescope\\Telescope::withoutRecording()
#23 /app/vendor/laravel/telescope/src/ListensForStorageOpportunities.php(65): Laravel\\Telescope\\Telescope::store()
#24 /app/vendor/laravel/framework/src/Illuminate/Container/BoundMethod.php(36): Laravel\\Telescope\\Telescope::Laravel\\Telescope\\{closure}()
#25 /app/vendor/laravel/framework/src/Illuminate/Container/Util.php(43): Illuminate\\Container\\BoundMethod::Illuminate\\Container\\{closure}()
#26 /app/vendor/laravel/framework/src/Illuminate/Container/BoundMethod.php(83): Illuminate\\Container\\Util::unwrapIfClosure()
#27 /app/vendor/laravel/framework/src/Illuminate/Container/BoundMethod.php(35): Illuminate\\Container\\BoundMethod::callBoundMethod()
#28 /app/vendor/laravel/framework/src/Illuminate/Container/Container.php(696): Illuminate\\Container\\BoundMethod::call()
#29 /app/vendor/laravel/framework/src/Illuminate/Foundation/Application.php(1452): Illuminate\\Container\\Container->call()
#30 /app/vendor/laravel/framework/src/Illuminate/Foundation/Console/Kernel.php(219): Illuminate\\Foundation\\Application->terminate()
#31 /app/vendor/laravel/framework/src/Illuminate/Foundation/Application.php(1240): Illuminate\\Foundation\\Console\\Kernel->terminate()
#32 /app/artisan(14): Illuminate\\Foundation\\Application->handleCommand()
#33 {main}

[previous exception] [object] (PDOException(code: 2002): SQLSTATE[HY000] [2002] Connection refused at /app/vendor/laravel/framework/src/Illuminate/Database/Connectors/Connector.php:66)
[stacktrace]
#0 /app/vendor/laravel/framework/src/Illuminate/Database/Connectors/Connector.php(66): PDO->__construct()
#1 /app/vendor/laravel/framework/src/Illuminate/Database/Connectors/Connector.php(85): Illuminate\\Database\\Connectors\\Connector->createPdoConnection()
#2 /app/vendor/laravel/framework/src/Illuminate/Database/Connectors/Connector.php(48): Illuminate\\Database\\Connectors\\Connector->tryAgainIfCausedByLostConnection()
#3 /app/vendor/laravel/framework/src/Illuminate/Database/Connectors/MySqlConnector.php(24): Illuminate\\Database\\Connectors\\Connector->createConnection()
#4 /app/vendor/laravel/framework/src/Illuminate/Database/Connectors/ConnectionFactory.php(185): Illuminate\\Database\\Connectors\\MySqlConnector->connect()
#5 [internal function]: Illuminate\\Database\\Connectors\\ConnectionFactory->Illuminate\\Database\\Connectors\\{closure}()
#6 /app/vendor/laravel/framework/src/Illuminate/Database/Connection.php(1231): call_user_func()
#7 /app/vendor/laravel/framework/src/Illuminate/Database/Connection.php(1267): Illuminate\\Database\\Connection->getPdo()
#8 /app/vendor/laravel/framework/src/Illuminate/Database/Connection.php(512): Illuminate\\Database\\Connection->getReadPdo()
#9 /app/vendor/laravel/framework/src/Illuminate/Database/Connection.php(407): Illuminate\\Database\\Connection->getPdoForSelect()
#10 /app/vendor/laravel/framework/src/Illuminate/Database/Connection.php(812): Illuminate\\Database\\Connection->Illuminate\\Database\\{closure}()
#11 /app/vendor/laravel/framework/src/Illuminate/Database/Connection.php(979): Illuminate\\Database\\Connection->runQueryCallback()
#12 /app/vendor/laravel/framework/src/Illuminate/Database/Connection.php(958): Illuminate\\Database\\Connection->tryAgainIfCausedByLostConnection()
#13 /app/vendor/laravel/framework/src/Illuminate/Database/Connection.php(781): Illuminate\\Database\\Connection->handleQueryException()
#14 /app/vendor/laravel/framework/src/Illuminate/Database/Connection.php(398): Illuminate\\Database\\Connection->run()
#15 /app/vendor/laravel/framework/src/Illuminate/Database/Query/Builder.php(3106): Illuminate\\Database\\Connection->select()
#16 /app/vendor/laravel/framework/src/Illuminate/Database/Query/Builder.php(3091): Illuminate\\Database\\Query\\Builder->runSelect()
#17 /app/vendor/laravel/framework/src/Illuminate/Database/Query/Builder.php(3676): Illuminate\\Database\\Query\\Builder->Illuminate\\Database\\Query\\{closure}()
#18 /app/vendor/laravel/framework/src/Illuminate/Database/Query/Builder.php(3090): Illuminate\\Database\\Query\\Builder->onceWithColumns()
#19 /app/vendor/laravel/framework/src/Illuminate/Database/Query/Builder.php(3603): Illuminate\\Database\\Query\\Builder->get()
#20 /app/vendor/laravel/framework/src/Illuminate/Database/Query/Builder.php(3531): Illuminate\\Database\\Query\\Builder->aggregate()
#21 /app/vendor/laravel/telescope/src/Storage/DatabaseEntriesRepository.php(123): Illuminate\\Database\\Query\\Builder->count()
#22 /app/vendor/laravel/telescope/src/Storage/DatabaseEntriesRepository.php(165): Laravel\\Telescope\\Storage\\DatabaseEntriesRepository->countExceptionOccurences()
#23 [internal function]: Laravel\\Telescope\\Storage\\DatabaseEntriesRepository->Laravel\\Telescope\\Storage\\{closure}()
#24 /app/vendor/laravel/framework/src/Illuminate/Collections/Arr.php(609): array_map()
#25 /app/vendor/laravel/framework/src/Illuminate/Collections/Collection.php(799): Illuminate\\Support\\Arr::map()
#26 /app/vendor/laravel/telescope/src/Storage/DatabaseEntriesRepository.php(164): Illuminate\\Support\\Collection->map()
#27 /app/vendor/laravel/framework/src/Illuminate/Collections/Traits/EnumeratesValues.php(261): Laravel\\Telescope\\Storage\\DatabaseEntriesRepository->Laravel\\Telescope\\Storage\\{closure}()
#28 /app/vendor/laravel/telescope/src/Storage/DatabaseEntriesRepository.php(163): Illuminate\\Support\\Collection->each()
#29 /app/vendor/laravel/telescope/src/Storage/DatabaseEntriesRepository.php(140): Laravel\\Telescope\\Storage\\DatabaseEntriesRepository->storeExceptions()
#30 /app/vendor/laravel/telescope/src/Telescope.php(664): Laravel\\Telescope\\Storage\\DatabaseEntriesRepository->store()
#31 [internal function]: Laravel\\Telescope\\Telescope::Laravel\\Telescope\\{closure}()
#32 /app/vendor/laravel/telescope/src/Telescope.php(289): call_user_func()
#33 /app/vendor/laravel/telescope/src/Telescope.php(656): Laravel\\Telescope\\Telescope::withoutRecording()
#34 /app/vendor/laravel/telescope/src/ListensForStorageOpportunities.php(65): Laravel\\Telescope\\Telescope::store()
#35 /app/vendor/laravel/framework/src/Illuminate/Container/BoundMethod.php(36): Laravel\\Telescope\\Telescope::Laravel\\Telescope\\{closure}()
#36 /app/vendor/laravel/framework/src/Illuminate/Container/Util.php(43): Illuminate\\Container\\BoundMethod::Illuminate\\Container\\{closure}()
#37 /app/vendor/laravel/framework/src/Illuminate/Container/BoundMethod.php(83): Illuminate\\Container\\Util::unwrapIfClosure()
#38 /app/vendor/laravel/framework/src/Illuminate/Container/BoundMethod.php(35): Illuminate\\Container\\BoundMethod::callBoundMethod()
#39 /app/vendor/laravel/framework/src/Illuminate/Container/Container.php(696): Illuminate\\Container\\BoundMethod::call()
#40 /app/vendor/laravel/framework/src/Illuminate/Foundation/Application.php(1452): Illuminate\\Container\\Container->call()
#41 /app/vendor/laravel/framework/src/Illuminate/Foundation/Console/Kernel.php(219): Illuminate\\Foundation\\Application->terminate()
#42 /app/vendor/laravel/framework/src/Illuminate/Foundation/Application.php(1240): Illuminate\\Foundation\\Console\\Kernel->terminate()
#43 /app/artisan(14): Illuminate\\Foundation\\Application->handleCommand()
#44 {main}
"}
[2026-03-06 11:19:58] production.ERROR: SQLSTATE[HY000] [2002] Connection refused (Connection: mysql, SQL: insert into `telescope_entries` (`batch_id`, `content`, `created_at`, `family_hash`, `type`, `uuid`) values (a13c1f93-8b5f-43bc-b446-16c3b4a60359, {"connection":"sqlite","driver":"sqlite","bindings":[],"sql":"select exists (select 1 from sqlite_master where name = 'migrations' and type = 'table') as \"exists\"","time":"0.48","slow":false,"file":"\/app\/artisan","line":14,"hash":"8bc9c24d8a065ac8726bcfc1c1c7ff83","hostname":"devbox"}, 2026-03-06 11:19:58, ?, query, a13c1f93-81f0-4f20-ba4e-df4102dd6515), (a13c1f93-8b5f-43bc-b446-16c3b4a60359, {"command":"migrate:status","exit_code":1,"arguments":{"command":"migrate:status"},"options":{"database":null,"pending":false,"path":[],"realpath":false,"help":false,"silent":false,"quiet":false,"verbose":false,"version":false,"ansi":null,"no-interaction":false,"env":null},"hostname":"devbox"}, 2026-03-06 11:19:58, ?, command, a13c1f93-8ad0-4386-a404-6af59194981f)) {"exception":"[object] (Illuminate\\Database\\QueryException(code: 2002): SQLSTATE[HY000] [2002] Connection refused (Connection: mysql, SQL: insert into `telescope_entries` (`batch_id`, `content`, `created_at`, `family_hash`, `type`, `uuid`) values (a13c1f93-8b5f-43bc-b446-16c3b4a60359, {\"connection\":\"sqlite\",\"driver\":\"sqlite\",\"bindings\":[],\"sql\":\"select exists (select 1 from sqlite_master where name = 'migrations' and type = 'table') as \\\"exists\\\"\",\"time\":\"0.48\",\"slow\":false,\"file\":\"\\/app\\/artisan\",\"line\":14,\"hash\":\"8bc9c24d8a065ac8726bcfc1c1c7ff83\",\"hostname\":\"devbox\"}, 2026-03-06 11:19:58, ?, query, a13c1f93-81f0-4f20-ba4e-df4102dd6515), (a13c1f93-8b5f-43bc-b446-16c3b4a60359, {\"command\":\"migrate:status\",\"exit_code\":1,\"arguments\":{\"command\":\"migrate:status\"},\"options\":{\"database\":null,\"pending\":false,\"path\":[],\"realpath\":false,\"help\":false,\"silent\":false,\"quiet\":false,\"verbose\":false,\"version\":false,\"ansi\":null,\"no-interaction\":false,\"env\":null},\"hostname\":\"devbox\"}, 2026-03-06 11:19:58, ?, command, a13c1f93-8ad0-4386-a404-6af59194981f)) at /app/vendor/laravel/framework/src/Illuminate/Database/Connection.php:825)
[stacktrace]
#0 /app/vendor/laravel/framework/src/Illuminate/Database/Connection.php(979): Illuminate\\Database\\Connection->runQueryCallback()
#1 /app/vendor/laravel/framework/src/Illuminate/Database/Connection.php(958): Illuminate\\Database\\Connection->tryAgainIfCausedByLostConnection()
#2 /app/vendor/laravel/framework/src/Illuminate/Database/Connection.php(781): Illuminate\\Database\\Connection->handleQueryException()
#3 /app/vendor/laravel/framework/src/Illuminate/Database/MySqlConnection.php(42): Illuminate\\Database\\Connection->run()
#4 /app/vendor/laravel/framework/src/Illuminate/Database/Query/Builder.php(3717): Illuminate\\Database\\MySqlConnection->insert()
#5 /app/vendor/laravel/telescope/src/Storage/DatabaseEntriesRepository.php(145): Illuminate\\Database\\Query\\Builder->insert()
#6 /app/vendor/laravel/framework/src/Illuminate/Collections/Traits/EnumeratesValues.php(261): Laravel\\Telescope\\Storage\\DatabaseEntriesRepository->Laravel\\Telescope\\Storage\\{closure}()
#7 /app/vendor/laravel/telescope/src/Storage/DatabaseEntriesRepository.php(144): Illuminate\\Support\\Collection->each()
#8 /app/vendor/laravel/telescope/src/Telescope.php(664): Laravel\\Telescope\\Storage\\DatabaseEntriesRepository->store()
#9 [internal function]: Laravel\\Telescope\\Telescope::Laravel\\Telescope\\{closure}()
#10 /app/vendor/laravel/telescope/src/Telescope.php(289): call_user_func()
#11 /app/vendor/laravel/telescope/src/Telescope.php(656): Laravel\\Telescope\\Telescope::withoutRecording()
#12 /app/vendor/laravel/telescope/src/ListensForStorageOpportunities.php(65): Laravel\\Telescope\\Telescope::store()
#13 /app/vendor/laravel/framework/src/Illuminate/Container/BoundMethod.php(36): Laravel\\Telescope\\Telescope::Laravel\\Telescope\\{closure}()
#14 /app/vendor/laravel/framework/src/Illuminate/Container/Util.php(43): Illuminate\\Container\\BoundMethod::Illuminate\\Container\\{closure}()
#15 /app/vendor/laravel/framework/src/Illuminate/Container/BoundMethod.php(83): Illuminate\\Container\\Util::unwrapIfClosure()
#16 /app/vendor/laravel/framework/src/Illuminate/Container/BoundMethod.php(35): Illuminate\\Container\\BoundMethod::callBoundMethod()
#17 /app/vendor/laravel/framework/src/Illuminate/Container/Container.php(696): Illuminate\\Container\\BoundMethod::call()
#18 /app/vendor/laravel/framework/src/Illuminate/Foundation/Application.php(1452): Illuminate\\Container\\Container->call()
#19 /app/vendor/laravel/framework/src/Illuminate/Foundation/Console/Kernel.php(219): Illuminate\\Foundation\\Application->terminate()
#20 /app/vendor/laravel/framework/src/Illuminate/Foundation/Application.php(1240): Illuminate\\Foundation\\Console\\Kernel->terminate()
#21 /app/artisan(14): Illuminate\\Foundation\\Application->handleCommand()
#22 {main}

[previous exception] [object] (PDOException(code: 2002): SQLSTATE[HY000] [2002] Connection refused at /app/vendor/laravel/framework/src/Illuminate/Database/Connectors/Connector.php:66)
[stacktrace]
#0 /app/vendor/laravel/framework/src/Illuminate/Database/Connectors/Connector.php(66): PDO->__construct()
#1 /app/vendor/laravel/framework/src/Illuminate/Database/Connectors/Connector.php(85): Illuminate\\Database\\Connectors\\Connector->createPdoConnection()
#2 /app/vendor/laravel/framework/src/Illuminate/Database/Connectors/Connector.php(48): Illuminate\\Database\\Connectors\\Connector->tryAgainIfCausedByLostConnection()
#3 /app/vendor/laravel/framework/src/Illuminate/Database/Connectors/MySqlConnector.php(24): Illuminate\\Database\\Connectors\\Connector->createConnection()
#4 /app/vendor/laravel/framework/src/Illuminate/Database/Connectors/ConnectionFactory.php(185): Illuminate\\Database\\Connectors\\MySqlConnector->connect()
#5 [internal function]: Illuminate\\Database\\Connectors\\ConnectionFactory->Illuminate\\Database\\Connectors\\{closure}()
#6 /app/vendor/laravel/framework/src/Illuminate/Database/Connection.php(1231): call_user_func()
#7 /app/vendor/laravel/framework/src/Illuminate/Database/MySqlConnection.php(47): Illuminate\\Database\\Connection->getPdo()
#8 /app/vendor/laravel/framework/src/Illuminate/Database/Connection.php(812): Illuminate\\Database\\MySqlConnection->Illuminate\\Database\\{closure}()
#9 /app/vendor/laravel/framework/src/Illuminate/Database/Connection.php(979): Illuminate\\Database\\Connection->runQueryCallback()
#10 /app/vendor/laravel/framework/src/Illuminate/Database/Connection.php(958): Illuminate\\Database\\Connection->tryAgainIfCausedByLostConnection()
#11 /app/vendor/laravel/framework/src/Illuminate/Database/Connection.php(781): Illuminate\\Database\\Connection->handleQueryException()
#12 /app/vendor/laravel/framework/src/Illuminate/Database/MySqlConnection.php(42): Illuminate\\Database\\Connection->run()
#13 /app/vendor/laravel/framework/src/Illuminate/Database/Query/Builder.php(3717): Illuminate\\Database\\MySqlConnection->insert()
#14 /app/vendor/laravel/telescope/src/Storage/DatabaseEntriesRepository.php(145): Illuminate\\Database\\Query\\Builder->insert()
#15 /app/vendor/laravel/framework/src/Illuminate/Collections/Traits/EnumeratesValues.php(261): Laravel\\Telescope\\Storage\\DatabaseEntriesRepository->Laravel\\Telescope\\Storage\\{closure}()
#16 /app/vendor/laravel/telescope/src/Storage/DatabaseEntriesRepository.php(144): Illuminate\\Support\\Collection->each()
#17 /app/vendor/laravel/telescope/src/Telescope.php(664): Laravel\\Telescope\\Storage\\DatabaseEntriesRepository->store()
#18 [internal function]: Laravel\\Telescope\\Telescope::Laravel\\Telescope\\{closure}()
#19 /app/vendor/laravel/telescope/src/Telescope.php(289): call_user_func()
#20 /app/vendor/laravel/telescope/src/Telescope.php(656): Laravel\\Telescope\\Telescope::withoutRecording()
#21 /app/vendor/laravel/telescope/src/ListensForStorageOpportunities.php(65): Laravel\\Telescope\\Telescope::store()
#22 /app/vendor/laravel/framework/src/Illuminate/Container/BoundMethod.php(36): Laravel\\Telescope\\Telescope::Laravel\\Telescope\\{closure}()
#23 /app/vendor/laravel/framework/src/Illuminate/Container/Util.php(43): Illuminate\\Container\\BoundMethod::Illuminate\\Container\\{closure}()
#24 /app/vendor/laravel/framework/src/Illuminate/Container/BoundMethod.php(83): Illuminate\\Container\\Util::unwrapIfClosure()
#25 /app/vendor/laravel/framework/src/Illuminate/Container/BoundMethod.php(35): Illuminate\\Container\\BoundMethod::callBoundMethod()
#26 /app/vendor/laravel/framework/src/Illuminate/Container/Container.php(696): Illuminate\\Container\\BoundMethod::call()
#27 /app/vendor/laravel/framework/src/Illuminate/Foundation/Application.php(1452): Illuminate\\Container\\Container->call()
#28 /app/vendor/laravel/framework/src/Illuminate/Foundation/Console/Kernel.php(219): Illuminate\\Foundation\\Application->terminate()
#29 /app/vendor/laravel/framework/src/Illuminate/Foundation/Application.php(1240): Illuminate\\Foundation\\Console\\Kernel->terminate()
#30 /app/artisan(14): Illuminate\\Foundation\\Application->handleCommand()
#31 {main}
"}
[2026-03-06 11:20:12] production.ERROR: SQLSTATE[HY000] [2002] Connection refused (Connection: mysql, SQL: insert into `telescope_entries` (`batch_id`, `content`, `created_at`, `family_hash`, `type`, `uuid`) values (a13c1fa8-b0e8-49ed-be9c-c1ef5ca89677, {"connection":"sqlite","driver":"sqlite","bindings":[],"sql":"select exists (select 1 from sqlite_master where name = 'migrations' and type = 'table') as \"exists\"","time":"0.22","slow":false,"file":"\/app\/artisan","line":14,"hash":"8bc9c24d8a065ac8726bcfc1c1c7ff83","hostname":"devbox"}, 2026-03-06 11:20:12, ?, query, a13c1fa8-a160-4ac8-b76f-3f32668ce3a5), (a13c1fa8-b0e8-49ed-be9c-c1ef5ca89677, {"connection":"sqlite","driver":"sqlite","bindings":[],"sql":"create table \"migrations\" (\"id\" integer primary key autoincrement not null, \"migration\" varchar not null, \"batch\" integer not null)","time":"3.52","slow":false,"file":"\/app\/artisan","line":14,"hash":"cd781e22d95b5c778aff00905540ff24","hostname":"devbox"}, 2026-03-06 11:20:12, ?, query, a13c1fa8-a8db-4bcb-a681-bebdf514d3db), (a13c1fa8-b0e8-49ed-be9c-c1ef5ca89677, {"connection":"sqlite","driver":"sqlite","bindings":[],"sql":"select exists (select 1 from sqlite_master where name = 'migrations' and type = 'table') as \"exists\"","time":"0.12","slow":false,"file":"\/app\/artisan","line":14,"hash":"8bc9c24d8a065ac8726bcfc1c1c7ff83","hostname":"devbox"}, 2026-03-06 11:20:12, ?, query, a13c1fa8-a9d1-4090-b400-961d305f095d), (a13c1fa8-b0e8-49ed-be9c-c1ef5ca89677, {"connection":"sqlite","driver":"sqlite","bindings":[],"sql":"select \"migration\" from \"migrations\" order by \"batch\" asc, \"migration\" asc","time":"0.13","slow":false,"file":"\/app\/artisan","line":14,"hash":"84af29f5c40ba2eeda76663cdfcee4df","hostname":"devbox"}, 2026-03-06 11:20:12, ?, query, a13c1fa8-a9fc-4b66-8210-cbf22e9135e0), (a13c1fa8-b0e8-49ed-be9c-c1ef5ca89677, {"connection":"sqlite","driver":"sqlite","bindings":[],"sql":"select \"migration\" from \"migrations\" order by \"batch\" asc, \"migration\" asc","time":"0.07","slow":false,"file":"\/app\/artisan","line":14,"hash":"84af29f5c40ba2eeda76663cdfcee4df","hostname":"devbox"}, 2026-03-06 11:20:12, ?, query, a13c1fa8-aa3e-409d-8cb4-b1d0655c8519), (a13c1fa8-b0e8-49ed-be9c-c1ef5ca89677, {"connection":"sqlite","driver":"sqlite","bindings":[],"sql":"select max(\"batch\") as aggregate from \"migrations\"","time":"0.17","slow":false,"file":"\/app\/artisan","line":14,"hash":"891c93593b7807a7dfc0848070936947","hostname":"devbox"}, 2026-03-06 11:20:12, ?, query, a13c1fa8-aa80-4753-ae14-6a00616271a2), (a13c1fa8-b0e8-49ed-be9c-c1ef5ca89677, {"connection":"sqlite","driver":"sqlite","bindings":[],"sql":"create table \"visual_migrator_entries\" (\"uuid\" varchar not null, \"key\" varchar not null, \"type\" varchar not null default 'layout', \"content\" text not null, \"created_at\" datetime, \"updated_at\" datetime)","time":"2.77","slow":false,"file":"\/app\/database\/migrations\/2026_02_18_000000_create_visual_migrator_entries_table.php","line":14,"hash":"2ce377e6b945ff8132fa981bd4133a5f","hostname":"devbox"}, 2026-03-06 11:20:12, ?, query, a13c1fa8-ac2f-470b-9b14-f515e71f0259), (a13c1fa8-b0e8-49ed-be9c-c1ef5ca89677, {"connection":"sqlite","driver":"sqlite","bindings":[],"sql":"create unique index \"visual_migrator_entries_key_type_unique\" on \"visual_migrator_entries\" (\"key\", \"type\")","time":"2.37","slow":false,"file":"\/app\/database\/migrations\/2026_02_18_000000_create_visual_migrator_entries_table.php","line":14,"hash":"34cf7cfaf003c6c3e9defadbe5e50994","hostname":"devbox"}, 2026-03-06 11:20:12, ?, query, a13c1fa8-ad34-49aa-8235-1c3463eae083), (a13c1fa8-b0e8-49ed-be9c-c1ef5ca89677, {"connection":"sqlite","driver":"sqlite","bindings":[],"sql":"create index \"visual_migrator_entries_key_type_index\" on \"visual_migrator_entries\" (\"key\", \"type\")","time":"2.36","slow":false,"file":"\/app\/database\/migrations\/2026_02_18_000000_create_visual_migrator_entries_table.php","line":14,"hash":"0d073163985131553327ea5c396fcd47","hostname":"devbox"}, 2026-03-06 11:20:12, ?, query, a13c1fa8-ae34-412f-b125-5cf3176ddcc7), (a13c1fa8-b0e8-49ed-be9c-c1ef5ca89677, {"connection":"sqlite","driver":"sqlite","bindings":[],"sql":"create unique index \"visual_migrator_entries_uuid_unique\" on \"visual_migrator_entries\" (\"uuid\")","time":"2.05","slow":false,"file":"\/app\/database\/migrations\/2026_02_18_000000_create_visual_migrator_entries_table.php","line":14,"hash":"4488fa0786a78c8e5e747d5a440865c4","hostname":"devbox"}, 2026-03-06 11:20:12, ?, query, a13c1fa8-af16-4e43-a6c9-b1676be91546), (a13c1fa8-b0e8-49ed-be9c-c1ef5ca89677, {"connection":"sqlite","driver":"sqlite","bindings":[],"sql":"insert into \"migrations\" (\"migration\", \"batch\") values ('2026_02_18_000000_create_visual_migrator_entries_table', 1)","time":"1.69","slow":false,"file":"\/app\/artisan","line":14,"hash":"09c22f830d52d80cc99fe8c1b1acc44c","hostname":"devbox"}, 2026-03-06 11:20:12, ?, query, a13c1fa8-b00e-4036-99c6-bac017d3dd85), (a13c1fa8-b0e8-49ed-be9c-c1ef5ca89677, {"command":"migrate","exit_code":0,"arguments":{"command":"migrate"},"options":{"database":null,"force":true,"path":[],"realpath":false,"schema-path":null,"pretend":false,"seed":false,"seeder":null,"step":false,"graceful":false,"isolated":false,"help":false,"silent":false,"quiet":false,"verbose":false,"version":false,"ansi":null,"no-interaction":false,"env":null},"hostname":"devbox"}, 2026-03-06 11:20:12, ?, command, a13c1fa8-b055-4fda-befb-28d7fa629f74)) {"exception":"[object] (Illuminate\\Database\\QueryException(code: 2002): SQLSTATE[HY000] [2002] Connection refused (Connection: mysql, SQL: insert into `telescope_entries` (`batch_id`, `content`, `created_at`, `family_hash`, `type`, `uuid`) values (a13c1fa8-b0e8-49ed-be9c-c1ef5ca89677, {\"connection\":\"sqlite\",\"driver\":\"sqlite\",\"bindings\":[],\"sql\":\"select exists (select 1 from sqlite_master where name = 'migrations' and type = 'table') as \\\"exists\\\"\",\"time\":\"0.22\",\"slow\":false,\"file\":\"\\/app\\/artisan\",\"line\":14,\"hash\":\"8bc9c24d8a065ac8726bcfc1c1c7ff83\",\"hostname\":\"devbox\"}, 2026-03-06 11:20:12, ?, query, a13c1fa8-a160-4ac8-b76f-3f32668ce3a5), (a13c1fa8-b0e8-49ed-be9c-c1ef5ca89677, {\"connection\":\"sqlite\",\"driver\":\"sqlite\",\"bindings\":[],\"sql\":\"create table \\\"migrations\\\" (\\\"id\\\" integer primary key autoincrement not null, \\\"migration\\\" varchar not null, \\\"batch\\\" integer not null)\",\"time\":\"3.52\",\"slow\":false,\"file\":\"\\/app\\/artisan\",\"line\":14,\"hash\":\"cd781e22d95b5c778aff00905540ff24\",\"hostname\":\"devbox\"}, 2026-03-06 11:20:12, ?, query, a13c1fa8-a8db-4bcb-a681-bebdf514d3db), (a13c1fa8-b0e8-49ed-be9c-c1ef5ca89677, {\"connection\":\"sqlite\",\"driver\":\"sqlite\",\"bindings\":[],\"sql\":\"select exists (select 1 from sqlite_master where name = 'migrations' and type = 'table') as \\\"exists\\\"\",\"time\":\"0.12\",\"slow\":false,\"file\":\"\\/app\\/artisan\",\"line\":14,\"hash\":\"8bc9c24d8a065ac8726bcfc1c1c7ff83\",\"hostname\":\"devbox\"}, 2026-03-06 11:20:12, ?, query, a13c1fa8-a9d1-4090-b400-961d305f095d), (a13c1fa8-b0e8-49ed-be9c-c1ef5ca89677, {\"connection\":\"sqlite\",\"driver\":\"sqlite\",\"bindings\":[],\"sql\":\"select \\\"migration\\\" from \\\"migrations\\\" order by \\\"batch\\\" asc, \\\"migration\\\" asc\",\"time\":\"0.13\",\"slow\":false,\"file\":\"\\/app\\/artisan\",\"line\":14,\"hash\":\"84af29f5c40ba2eeda76663cdfcee4df\",\"hostname\":\"devbox\"}, 2026-03-06 11:20:12, ?, query, a13c1fa8-a9fc-4b66-8210-cbf22e9135e0), (a13c1fa8-b0e8-49ed-be9c-c1ef5ca89677, {\"connection\":\"sqlite\",\"driver\":\"sqlite\",\"bindings\":[],\"sql\":\"select \\\"migration\\\" from \\\"migrations\\\" order by \\\"batch\\\" asc, \\\"migration\\\" asc\",\"time\":\"0.07\",\"slow\":false,\"file\":\"\\/app\\/artisan\",\"line\":14,\"hash\":\"84af29f5c40ba2eeda76663cdfcee4df\",\"hostname\":\"devbox\"}, 2026-03-06 11:20:12, ?, query, a13c1fa8-aa3e-409d-8cb4-b1d0655c8519), (a13c1fa8-b0e8-49ed-be9c-c1ef5ca89677, {\"connection\":\"sqlite\",\"driver\":\"sqlite\",\"bindings\":[],\"sql\":\"select max(\\\"batch\\\") as aggregate from \\\"migrations\\\"\",\"time\":\"0.17\",\"slow\":false,\"file\":\"\\/app\\/artisan\",\"line\":14,\"hash\":\"891c93593b7807a7dfc0848070936947\",\"hostname\":\"devbox\"}, 2026-03-06 11:20:12, ?, query, a13c1fa8-aa80-4753-ae14-6a00616271a2), (a13c1fa8-b0e8-49ed-be9c-c1ef5ca89677, {\"connection\":\"sqlite\",\"driver\":\"sqlite\",\"bindings\":[],\"sql\":\"create table \\\"visual_migrator_entries\\\" (\\\"uuid\\\" varchar not null, \\\"key\\\" varchar not null, \\\"type\\\" varchar not null default 'layout', \\\"content\\\" text not null, \\\"created_at\\\" datetime, \\\"updated_at\\\" datetime)\",\"time\":\"2.77\",\"slow\":false,\"file\":\"\\/app\\/database\\/migrations\\/2026_02_18_000000_create_visual_migrator_entries_table.php\",\"line\":14,\"hash\":\"2ce377e6b945ff8132fa981bd4133a5f\",\"hostname\":\"devbox\"}, 2026-03-06 11:20:12, ?, query, a13c1fa8-ac2f-470b-9b14-f515e71f0259), (a13c1fa8-b0e8-49ed-be9c-c1ef5ca89677, {\"connection\":\"sqlite\",\"driver\":\"sqlite\",\"bindings\":[],\"sql\":\"create unique index \\\"visual_migrator_entries_key_type_unique\\\" on \\\"visual_migrator_entries\\\" (\\\"key\\\", \\\"type\\\")\",\"time\":\"2.37\",\"slow\":false,\"file\":\"\\/app\\/database\\/migrations\\/2026_02_18_000000_create_visual_migrator_entries_table.php\",\"line\":14,\"hash\":\"34cf7cfaf003c6c3e9defadbe5e50994\",\"hostname\":\"devbox\"}, 2026-03-06 11:20:12, ?, query, a13c1fa8-ad34-49aa-8235-1c3463eae083), (a13c1fa8-b0e8-49ed-be9c-c1ef5ca89677, {\"connection\":\"sqlite\",\"driver\":\"sqlite\",\"bindings\":[],\"sql\":\"create index \\\"visual_migrator_entries_key_type_index\\\" on \\\"visual_migrator_entries\\\" (\\\"key\\\", \\\"type\\\")\",\"time\":\"2.36\",\"slow\":false,\"file\":\"\\/app\\/database\\/migrations\\/2026_02_18_000000_create_visual_migrator_entries_table.php\",\"line\":14,\"hash\":\"0d073163985131553327ea5c396fcd47\",\"hostname\":\"devbox\"}, 2026-03-06 11:20:12, ?, query, a13c1fa8-ae34-412f-b125-5cf3176ddcc7), (a13c1fa8-b0e8-49ed-be9c-c1ef5ca89677, {\"connection\":\"sqlite\",\"driver\":\"sqlite\",\"bindings\":[],\"sql\":\"create unique index \\\"visual_migrator_entries_uuid_unique\\\" on \\\"visual_migrator_entries\\\" (\\\"uuid\\\")\",\"time\":\"2.05\",\"slow\":false,\"file\":\"\\/app\\/database\\/migrations\\/2026_02_18_000000_create_visual_migrator_entries_table.php\",\"line\":14,\"hash\":\"4488fa0786a78c8e5e747d5a440865c4\",\"hostname\":\"devbox\"}, 2026-03-06 11:20:12, ?, query, a13c1fa8-af16-4e43-a6c9-b1676be91546), (a13c1fa8-b0e8-49ed-be9c-c1ef5ca89677, {\"connection\":\"sqlite\",\"driver\":\"sqlite\",\"bindings\":[],\"sql\":\"insert into \\\"migrations\\\" (\\\"migration\\\", \\\"batch\\\") values ('2026_02_18_000000_create_visual_migrator_entries_table', 1)\",\"time\":\"1.69\",\"slow\":false,\"file\":\"\\/app\\/artisan\",\"line\":14,\"hash\":\"09c22f830d52d80cc99fe8c1b1acc44c\",\"hostname\":\"devbox\"}, 2026-03-06 11:20:12, ?, query, a13c1fa8-b00e-4036-99c6-bac017d3dd85), (a13c1fa8-b0e8-49ed-be9c-c1ef5ca89677, {\"command\":\"migrate\",\"exit_code\":0,\"arguments\":{\"command\":\"migrate\"},\"options\":{\"database\":null,\"force\":true,\"path\":[],\"realpath\":false,\"schema-path\":null,\"pretend\":false,\"seed\":false,\"seeder\":null,\"step\":false,\"graceful\":false,\"isolated\":false,\"help\":false,\"silent\":false,\"quiet\":false,\"verbose\":false,\"version\":false,\"ansi\":null,\"no-interaction\":false,\"env\":null},\"hostname\":\"devbox\"}, 2026-03-06 11:20:12, ?, command, a13c1fa8-b055-4fda-befb-28d7fa629f74)) at /app/vendor/laravel/framework/src/Illuminate/Database/Connection.php:825)
[stacktrace]
#0 /app/vendor/laravel/framework/src/Illuminate/Database/Connection.php(979): Illuminate\\Database\\Connection->runQueryCallback()
#1 /app/vendor/laravel/framework/src/Illuminate/Database/Connection.php(958): Illuminate\\Database\\Connection->tryAgainIfCausedByLostConnection()
#2 /app/vendor/laravel/framework/src/Illuminate/Database/Connection.php(781): Illuminate\\Database\\Connection->handleQueryException()
#3 /app/vendor/laravel/framework/src/Illuminate/Database/MySqlConnection.php(42): Illuminate\\Database\\Connection->run()
#4 /app/vendor/laravel/framework/src/Illuminate/Database/Query/Builder.php(3717): Illuminate\\Database\\MySqlConnection->insert()
#5 /app/vendor/laravel/telescope/src/Storage/DatabaseEntriesRepository.php(145): Illuminate\\Database\\Query\\Builder->insert()
#6 /app/vendor/laravel/framework/src/Illuminate/Collections/Traits/EnumeratesValues.php(261): Laravel\\Telescope\\Storage\\DatabaseEntriesRepository->Laravel\\Telescope\\Storage\\{closure}()
#7 /app/vendor/laravel/telescope/src/Storage/DatabaseEntriesRepository.php(144): Illuminate\\Support\\Collection->each()
#8 /app/vendor/laravel/telescope/src/Telescope.php(664): Laravel\\Telescope\\Storage\\DatabaseEntriesRepository->store()
#9 [internal function]: Laravel\\Telescope\\Telescope::Laravel\\Telescope\\{closure}()
#10 /app/vendor/laravel/telescope/src/Telescope.php(289): call_user_func()
#11 /app/vendor/laravel/telescope/src/Telescope.php(656): Laravel\\Telescope\\Telescope::withoutRecording()
#12 /app/vendor/laravel/telescope/src/ListensForStorageOpportunities.php(65): Laravel\\Telescope\\Telescope::store()
#13 /app/vendor/laravel/framework/src/Illuminate/Container/BoundMethod.php(36): Laravel\\Telescope\\Telescope::Laravel\\Telescope\\{closure}()
#14 /app/vendor/laravel/framework/src/Illuminate/Container/Util.php(43): Illuminate\\Container\\BoundMethod::Illuminate\\Container\\{closure}()
#15 /app/vendor/laravel/framework/src/Illuminate/Container/BoundMethod.php(83): Illuminate\\Container\\Util::unwrapIfClosure()
#16 /app/vendor/laravel/framework/src/Illuminate/Container/BoundMethod.php(35): Illuminate\\Container\\BoundMethod::callBoundMethod()
#17 /app/vendor/laravel/framework/src/Illuminate/Container/Container.php(696): Illuminate\\Container\\BoundMethod::call()
#18 /app/vendor/laravel/framework/src/Illuminate/Foundation/Application.php(1452): Illuminate\\Container\\Container->call()
#19 /app/vendor/laravel/framework/src/Illuminate/Foundation/Console/Kernel.php(219): Illuminate\\Foundation\\Application->terminate()
#20 /app/vendor/laravel/framework/src/Illuminate/Foundation/Application.php(1240): Illuminate\\Foundation\\Console\\Kernel->terminate()
#21 /app/artisan(14): Illuminate\\Foundation\\Application->handleCommand()
#22 {main}

[previous exception] [object] (PDOException(code: 2002): SQLSTATE[HY000] [2002] Connection refused at /app/vendor/laravel/framework/src/Illuminate/Database/Connectors/Connector.php:66)
[stacktrace]
#0 /app/vendor/laravel/framework/src/Illuminate/Database/Connectors/Connector.php(66): PDO->__construct()
#1 /app/vendor/laravel/framework/src/Illuminate/Database/Connectors/Connector.php(85): Illuminate\\Database\\Connectors\\Connector->createPdoConnection()
#2 /app/vendor/laravel/framework/src/Illuminate/Database/Connectors/Connector.php(48): Illuminate\\Database\\Connectors\\Connector->tryAgainIfCausedByLostConnection()
#3 /app/vendor/laravel/framework/src/Illuminate/Database/Connectors/MySqlConnector.php(24): Illuminate\\Database\\Connectors\\Connector->createConnection()
#4 /app/vendor/laravel/framework/src/Illuminate/Database/Connectors/ConnectionFactory.php(185): Illuminate\\Database\\Connectors\\MySqlConnector->connect()
#5 [internal function]: Illuminate\\Database\\Connectors\\ConnectionFactory->Illuminate\\Database\\Connectors\\{closure}()
#6 /app/vendor/laravel/framework/src/Illuminate/Database/Connection.php(1231): call_user_func()
#7 /app/vendor/laravel/framework/src/Illuminate/Database/MySqlConnection.php(47): Illuminate\\Database\\Connection->getPdo()
#8 /app/vendor/laravel/framework/src/Illuminate/Database/Connection.php(812): Illuminate\\Database\\MySqlConnection->Illuminate\\Database\\{closure}()
#9 /app/vendor/laravel/framework/src/Illuminate/Database/Connection.php(979): Illuminate\\Database\\Connection->runQueryCallback()
#10 /app/vendor/laravel/framework/src/Illuminate/Database/Connection.php(958): Illuminate\\Database\\Connection->tryAgainIfCausedByLostConnection()
#11 /app/vendor/laravel/framework/src/Illuminate/Database/Connection.php(781): Illuminate\\Database\\Connection->handleQueryException()
#12 /app/vendor/laravel/framework/src/Illuminate/Database/MySqlConnection.php(42): Illuminate\\Database\\Connection->run()
#13 /app/vendor/laravel/framework/src/Illuminate/Database/Query/Builder.php(3717): Illuminate\\Database\\MySqlConnection->insert()
#14 /app/vendor/laravel/telescope/src/Storage/DatabaseEntriesRepository.php(145): Illuminate\\Database\\Query\\Builder->insert()
#15 /app/vendor/laravel/framework/src/Illuminate/Collections/Traits/EnumeratesValues.php(261): Laravel\\Telescope\\Storage\\DatabaseEntriesRepository->Laravel\\Telescope\\Storage\\{closure}()
#16 /app/vendor/laravel/telescope/src/Storage/DatabaseEntriesRepository.php(144): Illuminate\\Support\\Collection->each()
#17 /app/vendor/laravel/telescope/src/Telescope.php(664): Laravel\\Telescope\\Storage\\DatabaseEntriesRepository->store()
#18 [internal function]: Laravel\\Telescope\\Telescope::Laravel\\Telescope\\{closure}()
#19 /app/vendor/laravel/telescope/src/Telescope.php(289): call_user_func()
#20 /app/vendor/laravel/telescope/src/Telescope.php(656): Laravel\\Telescope\\Telescope::withoutRecording()
#21 /app/vendor/laravel/telescope/src/ListensForStorageOpportunities.php(65): Laravel\\Telescope\\Telescope::store()
#22 /app/vendor/laravel/framework/src/Illuminate/Container/BoundMethod.php(36): Laravel\\Telescope\\Telescope::Laravel\\Telescope\\{closure}()
#23 /app/vendor/laravel/framework/src/Illuminate/Container/Util.php(43): Illuminate\\Container\\BoundMethod::Illuminate\\Container\\{closure}()
#24 /app/vendor/laravel/framework/src/Illuminate/Container/BoundMethod.php(83): Illuminate\\Container\\Util::unwrapIfClosure()
#25 /app/vendor/laravel/framework/src/Illuminate/Container/BoundMethod.php(35): Illuminate\\Container\\BoundMethod::callBoundMethod()
#26 /app/vendor/laravel/framework/src/Illuminate/Container/Container.php(696): Illuminate\\Container\\BoundMethod::call()
#27 /app/vendor/laravel/framework/src/Illuminate/Foundation/Application.php(1452): Illuminate\\Container\\Container->call()
#28 /app/vendor/laravel/framework/src/Illuminate/Foundation/Console/Kernel.php(219): Illuminate\\Foundation\\Application->terminate()
#29 /app/vendor/laravel/framework/src/Illuminate/Foundation/Application.php(1240): Illuminate\\Foundation\\Console\\Kernel->terminate()
#30 /app/artisan(14): Illuminate\\Foundation\\Application->handleCommand()
#31 {main}
"}
[2026-03-06 11:20:28] production.ERROR: SQLSTATE[HY000] [2002] Connection refused (Connection: mysql, SQL: insert into `telescope_entries` (`batch_id`, `content`, `created_at`, `family_hash`, `type`, `uuid`) values (a13c1fc0-6ff6-4c25-830c-46591365f3ac, {"connection":"sqlite","driver":"sqlite","bindings":[],"sql":"select exists (select 1 from sqlite_master where name = 'migrations' and type = 'table') as \"exists\"","time":"0.27","slow":false,"file":"\/app\/artisan","line":14,"hash":"8bc9c24d8a065ac8726bcfc1c1c7ff83","hostname":"devbox"}, 2026-03-06 11:20:28, ?, query, a13c1fc0-5bbf-495e-a6b9-cea3ec8495bb), (a13c1fc0-6ff6-4c25-830c-46591365f3ac, {"connection":"sqlite","driver":"sqlite","bindings":[],"sql":"select exists (select 1 from sqlite_master where name = 'migrations' and type = 'table') as \"exists\"","time":"0.14","slow":false,"file":"\/app\/artisan","line":14,"hash":"8bc9c24d8a065ac8726bcfc1c1c7ff83","hostname":"devbox"}, 2026-03-06 11:20:28, ?, query, a13c1fc0-5da0-4cf9-8548-32e898a1409d), (a13c1fc0-6ff6-4c25-830c-46591365f3ac, {"connection":"sqlite","driver":"sqlite","bindings":[],"sql":"select \"migration\" from \"migrations\" order by \"batch\" asc, \"migration\" asc","time":"0.09","slow":false,"file":"\/app\/artisan","line":14,"hash":"84af29f5c40ba2eeda76663cdfcee4df","hostname":"devbox"}, 2026-03-06 11:20:28, ?, query, a13c1fc0-5dc7-49e2-99bf-05a2aac6c20b), (a13c1fc0-6ff6-4c25-830c-46591365f3ac, {"connection":"sqlite","driver":"sqlite","bindings":[],"sql":"select \"migration\" from \"migrations\" order by \"batch\" asc, \"migration\" asc","time":"0.10","slow":false,"file":"\/app\/artisan","line":14,"hash":"84af29f5c40ba2eeda76663cdfcee4df","hostname":"devbox"}, 2026-03-06 11:20:28, ?, query, a13c1fc0-5e15-4f91-8f0b-ac64353983d4), (a13c1fc0-6ff6-4c25-830c-46591365f3ac, {"connection":"sqlite","driver":"sqlite","bindings":[],"sql":"select max(\"batch\") as aggregate from \"migrations\"","time":"0.08","slow":false,"file":"\/app\/artisan","line":14,"hash":"891c93593b7807a7dfc0848070936947","hostname":"devbox"}, 2026-03-06 11:20:28, ?, query, a13c1fc0-5e5f-4580-bcd1-d07d5c7aee03), (a13c1fc0-6ff6-4c25-830c-46591365f3ac, {"connection":"sqlite","driver":"sqlite","bindings":[],"sql":"create table \"projects\" (\"id\" integer primary key autoincrement not null, \"name\" varchar not null, \"description\" text, \"created_at\" datetime, \"updated_at\" datetime)","time":"3.63","slow":false,"file":"\/app\/database\/migrations\/2026_01_01_000001_create_projects_table.php","line":11,"hash":"28dd4587e51d441e2c0abe342ff6dd2a","hostname":"devbox"}, 2026-03-06 11:20:28, ?, query, a13c1fc0-6448-4218-ad8d-90fbb9f934b1), (a13c1fc0-6ff6-4c25-830c-46591365f3ac, {"connection":"sqlite","driver":"sqlite","bindings":[],"sql":"insert into \"migrations\" (\"migration\", \"batch\") values ('2026_01_01_000001_create_projects_table', 2)","time":"2.37","slow":false,"file":"\/app\/artisan","line":14,"hash":"09c22f830d52d80cc99fe8c1b1acc44c","hostname":"devbox"}, 2026-03-06 11:20:28, ?, query, a13c1fc0-65d9-4a88-a1e8-517c8e4ae43f), (a13c1fc0-6ff6-4c25-830c-46591365f3ac, {"connection":"sqlite","driver":"sqlite","bindings":[],"sql":"create table \"tasks\" (\"id\" integer primary key autoincrement not null, \"project_id\" integer not null, \"title\" varchar not null, \"is_completed\" tinyint(1) not null default '0', \"created_at\" datetime, \"updated_at\" datetime, foreign key(\"project_id\") references \"projects\"(\"id\") on delete cascade)","time":"3.68","slow":false,"file":"\/app\/database\/migrations\/2026_01_01_000002_create_tasks_table.php","line":11,"hash":"38be6c7e12e48eb7af4721f9c9a789df","hostname":"devbox"}, 2026-03-06 11:20:28, ?, query, a13c1fc0-6950-4ba4-b84e-c399717a1d06), (a13c1fc0-6ff6-4c25-830c-46591365f3ac, {"connection":"sqlite","driver":"sqlite","bindings":[],"sql":"insert into \"migrations\" (\"migration\", \"batch\") values ('2026_01_01_000002_create_tasks_table', 2)","time":"2.37","slow":false,"file":"\/app\/artisan","line":14,"hash":"09c22f830d52d80cc99fe8c1b1acc44c","hostname":"devbox"}, 2026-03-06 11:20:28, ?, query, a13c1fc0-6ace-4bc7-8138-3b06ca880919), (a13c1fc0-6ff6-4c25-830c-46591365f3ac, {"connection":"sqlite","driver":"sqlite","bindings":[],"sql":"create table \"tags\" (\"id\" integer primary key autoincrement not null, \"name\" varchar not null, \"created_at\" datetime, \"updated_at\" datetime)","time":"3.60","slow":false,"file":"\/app\/database\/migrations\/2026_01_01_000003_create_tags_table.php","line":11,"hash":"61aa82db85ccdc9a25769863490613a8","hostname":"devbox"}, 2026-03-06 11:20:28, ?, query, a13c1fc0-6c94-43de-a78e-a2580f9093d9), (a13c1fc0-6ff6-4c25-830c-46591365f3ac, {"connection":"sqlite","driver":"sqlite","bindings":[],"sql":"create unique index \"tags_name_unique\" on \"tags\" (\"name\")","time":"2.65","slow":false,"file":"\/app\/database\/migrations\/2026_01_01_000003_create_tags_table.php","line":11,"hash":"e6b6e2fc3775d5a5ca98db5cdae02390","hostname":"devbox"}, 2026-03-06 11:20:28, ?, query, a13c1fc0-6dbb-4705-b1dc-f1e13bca64a3), (a13c1fc0-6ff6-4c25-830c-46591365f3ac, {"connection":"sqlite","driver":"sqlite","bindings":[],"sql":"insert into \"migrations\" (\"migration\", \"batch\") values ('2026_01_01_000003_create_tags_table', 2)","time":"1.78","slow":false,"file":"\/app\/artisan","line":14,"hash":"09c22f830d52d80cc99fe8c1b1acc44c","hostname":"devbox"}, 2026-03-06 11:20:28, ?, query, a13c1fc0-6efa-42a8-ac5d-36445c32667d), (a13c1fc0-6ff6-4c25-830c-46591365f3ac, {"command":"migrate","exit_code":0,"arguments":{"command":"migrate"},"options":{"database":null,"force":true,"path":[],"realpath":false,"schema-path":null,"pretend":false,"seed":false,"seeder":null,"step":false,"graceful":false,"isolated":false,"help":false,"silent":false,"quiet":false,"verbose":false,"version":false,"ansi":null,"no-interaction":false,"env":null},"hostname":"devbox"}, 2026-03-06 11:20:28, ?, command, a13c1fc0-6f4b-496b-9f55-04d750640538)) {"exception":"[object] (Illuminate\\Database\\QueryException(code: 2002): SQLSTATE[HY000] [2002] Connection refused (Connection: mysql, SQL: insert into `telescope_entries` (`batch_id`, `content`, `created_at`, `family_hash`, `type`, `uuid`) values (a13c1fc0-6ff6-4c25-830c-46591365f3ac, {\"connection\":\"sqlite\",\"driver\":\"sqlite\",\"bindings\":[],\"sql\":\"select exists (select 1 from sqlite_master where name = 'migrations' and type = 'table') as \\\"exists\\\"\",\"time\":\"0.27\",\"slow\":false,\"file\":\"\\/app\\/artisan\",\"line\":14,\"hash\":\"8bc9c24d8a065ac8726bcfc1c1c7ff83\",\"hostname\":\"devbox\"}, 2026-03-06 11:20:28, ?, query, a13c1fc0-5bbf-495e-a6b9-cea3ec8495bb), (a13c1fc0-6ff6-4c25-830c-46591365f3ac, {\"connection\":\"sqlite\",\"driver\":\"sqlite\",\"bindings\":[],\"sql\":\"select exists (select 1 from sqlite_master where name = 'migrations' and type = 'table') as \\\"exists\\\"\",\"time\":\"0.14\",\"slow\":false,\"file\":\"\\/app\\/artisan\",\"line\":14,\"hash\":\"8bc9c24d8a065ac8726bcfc1c1c7ff83\",\"hostname\":\"devbox\"}, 2026-03-06 11:20:28, ?, query, a13c1fc0-5da0-4cf9-8548-32e898a1409d), (a13c1fc0-6ff6-4c25-830c-46591365f3ac, {\"connection\":\"sqlite\",\"driver\":\"sqlite\",\"bindings\":[],\"sql\":\"select \\\"migration\\\" from \\\"migrations\\\" order by \\\"batch\\\" asc, \\\"migration\\\" asc\",\"time\":\"0.09\",\"slow\":false,\"file\":\"\\/app\\/artisan\",\"line\":14,\"hash\":\"84af29f5c40ba2eeda76663cdfcee4df\",\"hostname\":\"devbox\"}, 2026-03-06 11:20:28, ?, query, a13c1fc0-5dc7-49e2-99bf-05a2aac6c20b), (a13c1fc0-6ff6-4c25-830c-46591365f3ac, {\"connection\":\"sqlite\",\"driver\":\"sqlite\",\"bindings\":[],\"sql\":\"select \\\"migration\\\" from \\\"migrations\\\" order by \\\"batch\\\" asc, \\\"migration\\\" asc\",\"time\":\"0.10\",\"slow\":false,\"file\":\"\\/app\\/artisan\",\"line\":14,\"hash\":\"84af29f5c40ba2eeda76663cdfcee4df\",\"hostname\":\"devbox\"}, 2026-03-06 11:20:28, ?, query, a13c1fc0-5e15-4f91-8f0b-ac64353983d4), (a13c1fc0-6ff6-4c25-830c-46591365f3ac, {\"connection\":\"sqlite\",\"driver\":\"sqlite\",\"bindings\":[],\"sql\":\"select max(\\\"batch\\\") as aggregate from \\\"migrations\\\"\",\"time\":\"0.08\",\"slow\":false,\"file\":\"\\/app\\/artisan\",\"line\":14,\"hash\":\"891c93593b7807a7dfc0848070936947\",\"hostname\":\"devbox\"}, 2026-03-06 11:20:28, ?, query, a13c1fc0-5e5f-4580-bcd1-d07d5c7aee03), (a13c1fc0-6ff6-4c25-830c-46591365f3ac, {\"connection\":\"sqlite\",\"driver\":\"sqlite\",\"bindings\":[],\"sql\":\"create table \\\"projects\\\" (\\\"id\\\" integer primary key autoincrement not null, \\\"name\\\" varchar not null, \\\"description\\\" text, \\\"created_at\\\" datetime, \\\"updated_at\\\" datetime)\",\"time\":\"3.63\",\"slow\":false,\"file\":\"\\/app\\/database\\/migrations\\/2026_01_01_000001_create_projects_table.php\",\"line\":11,\"hash\":\"28dd4587e51d441e2c0abe342ff6dd2a\",\"hostname\":\"devbox\"}, 2026-03-06 11:20:28, ?, query, a13c1fc0-6448-4218-ad8d-90fbb9f934b1), (a13c1fc0-6ff6-4c25-830c-46591365f3ac, {\"connection\":\"sqlite\",\"driver\":\"sqlite\",\"bindings\":[],\"sql\":\"insert into \\\"migrations\\\" (\\\"migration\\\", \\\"batch\\\") values ('2026_01_01_000001_create_projects_table', 2)\",\"time\":\"2.37\",\"slow\":false,\"file\":\"\\/app\\/artisan\",\"line\":14,\"hash\":\"09c22f830d52d80cc99fe8c1b1acc44c\",\"hostname\":\"devbox\"}, 2026-03-06 11:20:28, ?, query, a13c1fc0-65d9-4a88-a1e8-517c8e4ae43f), (a13c1fc0-6ff6-4c25-830c-46591365f3ac, {\"connection\":\"sqlite\",\"driver\":\"sqlite\",\"bindings\":[],\"sql\":\"create table \\\"tasks\\\" (\\\"id\\\" integer primary key autoincrement not null, \\\"project_id\\\" integer not null, \\\"title\\\" varchar not null, \\\"is_completed\\\" tinyint(1) not null default '0', \\\"created_at\\\" datetime, \\\"updated_at\\\" datetime, foreign key(\\\"project_id\\\") references \\\"projects\\\"(\\\"id\\\") on delete cascade)\",\"time\":\"3.68\",\"slow\":false,\"file\":\"\\/app\\/database\\/migrations\\/2026_01_01_000002_create_tasks_table.php\",\"line\":11,\"hash\":\"38be6c7e12e48eb7af4721f9c9a789df\",\"hostname\":\"devbox\"}, 2026-03-06 11:20:28, ?, query, a13c1fc0-6950-4ba4-b84e-c399717a1d06), (a13c1fc0-6ff6-4c25-830c-46591365f3ac, {\"connection\":\"sqlite\",\"driver\":\"sqlite\",\"bindings\":[],\"sql\":\"insert into \\\"migrations\\\" (\\\"migration\\\", \\\"batch\\\") values ('2026_01_01_000002_create_tasks_table', 2)\",\"time\":\"2.37\",\"slow\":false,\"file\":\"\\/app\\/artisan\",\"line\":14,\"hash\":\"09c22f830d52d80cc99fe8c1b1acc44c\",\"hostname\":\"devbox\"}, 2026-03-06 11:20:28, ?, query, a13c1fc0-6ace-4bc7-8138-3b06ca880919), (a13c1fc0-6ff6-4c25-830c-46591365f3ac, {\"connection\":\"sqlite\",\"driver\":\"sqlite\",\"bindings\":[],\"sql\":\"create table \\\"tags\\\" (\\\"id\\\" integer primary key autoincrement not null, \\\"name\\\" varchar not null, \\\"created_at\\\" datetime, \\\"updated_at\\\" datetime)\",\"time\":\"3.60\",\"slow\":false,\"file\":\"\\/app\\/database\\/migrations\\/2026_01_01_000003_create_tags_table.php\",\"line\":11,\"hash\":\"61aa82db85ccdc9a25769863490613a8\",\"hostname\":\"devbox\"}, 2026-03-06 11:20:28, ?, query, a13c1fc0-6c94-43de-a78e-a2580f9093d9), (a13c1fc0-6ff6-4c25-830c-46591365f3ac, {\"connection\":\"sqlite\",\"driver\":\"sqlite\",\"bindings\":[],\"sql\":\"create unique index \\\"tags_name_unique\\\" on \\\"tags\\\" (\\\"name\\\")\",\"time\":\"2.65\",\"slow\":false,\"file\":\"\\/app\\/database\\/migrations\\/2026_01_01_000003_create_tags_table.php\",\"line\":11,\"hash\":\"e6b6e2fc3775d5a5ca98db5cdae02390\",\"hostname\":\"devbox\"}, 2026-03-06 11:20:28, ?, query, a13c1fc0-6dbb-4705-b1dc-f1e13bca64a3), (a13c1fc0-6ff6-4c25-830c-46591365f3ac, {\"connection\":\"sqlite\",\"driver\":\"sqlite\",\"bindings\":[],\"sql\":\"insert into \\\"migrations\\\" (\\\"migration\\\", \\\"batch\\\") values ('2026_01_01_000003_create_tags_table', 2)\",\"time\":\"1.78\",\"slow\":false,\"file\":\"\\/app\\/artisan\",\"line\":14,\"hash\":\"09c22f830d52d80cc99fe8c1b1acc44c\",\"hostname\":\"devbox\"}, 2026-03-06 11:20:28, ?, query, a13c1fc0-6efa-42a8-ac5d-36445c32667d), (a13c1fc0-6ff6-4c25-830c-46591365f3ac, {\"command\":\"migrate\",\"exit_code\":0,\"arguments\":{\"command\":\"migrate\"},\"options\":{\"database\":null,\"force\":true,\"path\":[],\"realpath\":false,\"schema-path\":null,\"pretend\":false,\"seed\":false,\"seeder\":null,\"step\":false,\"graceful\":false,\"isolated\":false,\"help\":false,\"silent\":false,\"quiet\":false,\"verbose\":false,\"version\":false,\"ansi\":null,\"no-interaction\":false,\"env\":null},\"hostname\":\"devbox\"}, 2026-03-06 11:20:28, ?, command, a13c1fc0-6f4b-496b-9f55-04d750640538)) at /app/vendor/laravel/framework/src/Illuminate/Database/Connection.php:825)
[stacktrace]
#0 /app/vendor/laravel/framework/src/Illuminate/Database/Connection.php(979): Illuminate\\Database\\Connection->runQueryCallback()
#1 /app/vendor/laravel/framework/src/Illuminate/Database/Connection.php(958): Illuminate\\Database\\Connection->tryAgainIfCausedByLostConnection()
#2 /app/vendor/laravel/framework/src/Illuminate/Database/Connection.php(781): Illuminate\\Database\\Connection->handleQueryException()
#3 /app/vendor/laravel/framework/src/Illuminate/Database/MySqlConnection.php(42): Illuminate\\Database\\Connection->run()
#4 /app/vendor/laravel/framework/src/Illuminate/Database/Query/Builder.php(3717): Illuminate\\Database\\MySqlConnection->insert()
#5 /app/vendor/laravel/telescope/src/Storage/DatabaseEntriesRepository.php(145): Illuminate\\Database\\Query\\Builder->insert()
#6 /app/vendor/laravel/framework/src/Illuminate/Collections/Traits/EnumeratesValues.php(261): Laravel\\Telescope\\Storage\\DatabaseEntriesRepository->Laravel\\Telescope\\Storage\\{closure}()
#7 /app/vendor/laravel/telescope/src/Storage/DatabaseEntriesRepository.php(144): Illuminate\\Support\\Collection->each()
#8 /app/vendor/laravel/telescope/src/Telescope.php(664): Laravel\\Telescope\\Storage\\DatabaseEntriesRepository->store()
#9 [internal function]: Laravel\\Telescope\\Telescope::Laravel\\Telescope\\{closure}()
#10 /app/vendor/laravel/telescope/src/Telescope.php(289): call_user_func()
#11 /app/vendor/laravel/telescope/src/Telescope.php(656): Laravel\\Telescope\\Telescope::withoutRecording()
#12 /app/vendor/laravel/telescope/src/ListensForStorageOpportunities.php(65): Laravel\\Telescope\\Telescope::store()
#13 /app/vendor/laravel/framework/src/Illuminate/Container/BoundMethod.php(36): Laravel\\Telescope\\Telescope::Laravel\\Telescope\\{closure}()
#14 /app/vendor/laravel/framework/src/Illuminate/Container/Util.php(43): Illuminate\\Container\\BoundMethod::Illuminate\\Container\\{closure}()
#15 /app/vendor/laravel/framework/src/Illuminate/Container/BoundMethod.php(83): Illuminate\\Container\\Util::unwrapIfClosure()
#16 /app/vendor/laravel/framework/src/Illuminate/Container/BoundMethod.php(35): Illuminate\\Container\\BoundMethod::callBoundMethod()
#17 /app/vendor/laravel/framework/src/Illuminate/Container/Container.php(696): Illuminate\\Container\\BoundMethod::call()
#18 /app/vendor/laravel/framework/src/Illuminate/Foundation/Application.php(1452): Illuminate\\Container\\Container->call()
#19 /app/vendor/laravel/framework/src/Illuminate/Foundation/Console/Kernel.php(219): Illuminate\\Foundation\\Application->terminate()
#20 /app/vendor/laravel/framework/src/Illuminate/Foundation/Application.php(1240): Illuminate\\Foundation\\Console\\Kernel->terminate()
#21 /app/artisan(14): Illuminate\\Foundation\\Application->handleCommand()
#22 {main}

[previous exception] [object] (PDOException(code: 2002): SQLSTATE[HY000] [2002] Connection refused at /app/vendor/laravel/framework/src/Illuminate/Database/Connectors/Connector.php:66)
[stacktrace]
#0 /app/vendor/laravel/framework/src/Illuminate/Database/Connectors/Connector.php(66): PDO->__construct()
#1 /app/vendor/laravel/framework/src/Illuminate/Database/Connectors/Connector.php(85): Illuminate\\Database\\Connectors\\Connector->createPdoConnection()
#2 /app/vendor/laravel/framework/src/Illuminate/Database/Connectors/Connector.php(48): Illuminate\\Database\\Connectors\\Connector->tryAgainIfCausedByLostConnection()
#3 /app/vendor/laravel/framework/src/Illuminate/Database/Connectors/MySqlConnector.php(24): Illuminate\\Database\\Connectors\\Connector->createConnection()
#4 /app/vendor/laravel/framework/src/Illuminate/Database/Connectors/ConnectionFactory.php(185): Illuminate\\Database\\Connectors\\MySqlConnector->connect()
#5 [internal function]: Illuminate\\Database\\Connectors\\ConnectionFactory->Illuminate\\Database\\Connectors\\{closure}()
#6 /app/vendor/laravel/framework/src/Illuminate/Database/Connection.php(1231): call_user_func()
#7 /app/vendor/laravel/framework/src/Illuminate/Database/MySqlConnection.php(47): Illuminate\\Database\\Connection->getPdo()
#8 /app/vendor/laravel/framework/src/Illuminate/Database/Connection.php(812): Illuminate\\Database\\MySqlConnection->Illuminate\\Database\\{closure}()
#9 /app/vendor/laravel/framework/src/Illuminate/Database/Connection.php(979): Illuminate\\Database\\Connection->runQueryCallback()
#10 /app/vendor/laravel/framework/src/Illuminate/Database/Connection.php(958): Illuminate\\Database\\Connection->tryAgainIfCausedByLostConnection()
#11 /app/vendor/laravel/framework/src/Illuminate/Database/Connection.php(781): Illuminate\\Database\\Connection->handleQueryException()
#12 /app/vendor/laravel/framework/src/Illuminate/Database/MySqlConnection.php(42): Illuminate\\Database\\Connection->run()
#13 /app/vendor/laravel/framework/src/Illuminate/Database/Query/Builder.php(3717): Illuminate\\Database\\MySqlConnection->insert()
#14 /app/vendor/laravel/telescope/src/Storage/DatabaseEntriesRepository.php(145): Illuminate\\Database\\Query\\Builder->insert()
#15 /app/vendor/laravel/framework/src/Illuminate/Collections/Traits/EnumeratesValues.php(261): Laravel\\Telescope\\Storage\\DatabaseEntriesRepository->Laravel\\Telescope\\Storage\\{closure}()
#16 /app/vendor/laravel/telescope/src/Storage/DatabaseEntriesRepository.php(144): Illuminate\\Support\\Collection->each()
#17 /app/vendor/laravel/telescope/src/Telescope.php(664): Laravel\\Telescope\\Storage\\DatabaseEntriesRepository->store()
#18 [internal function]: Laravel\\Telescope\\Telescope::Laravel\\Telescope\\{closure}()
#19 /app/vendor/laravel/telescope/src/Telescope.php(289): call_user_func()
#20 /app/vendor/laravel/telescope/src/Telescope.php(656): Laravel\\Telescope\\Telescope::withoutRecording()
#21 /app/vendor/laravel/telescope/src/ListensForStorageOpportunities.php(65): Laravel\\Telescope\\Telescope::store()
#22 /app/vendor/laravel/framework/src/Illuminate/Container/BoundMethod.php(36): Laravel\\Telescope\\Telescope::Laravel\\Telescope\\{closure}()
#23 /app/vendor/laravel/framework/src/Illuminate/Container/Util.php(43): Illuminate\\Container\\BoundMethod::Illuminate\\Container\\{closure}()
#24 /app/vendor/laravel/framework/src/Illuminate/Container/BoundMethod.php(83): Illuminate\\Container\\Util::unwrapIfClosure()
#25 /app/vendor/laravel/framework/src/Illuminate/Container/BoundMethod.php(35): Illuminate\\Container\\BoundMethod::callBoundMethod()
#26 /app/vendor/laravel/framework/src/Illuminate/Container/Container.php(696): Illuminate\\Container\\BoundMethod::call()
#27 /app/vendor/laravel/framework/src/Illuminate/Foundation/Application.php(1452): Illuminate\\Container\\Container->call()
#28 /app/vendor/laravel/framework/src/Illuminate/Foundation/Console/Kernel.php(219): Illuminate\\Foundation\\Application->terminate()
#29 /app/vendor/laravel/framework/src/Illuminate/Foundation/Application.php(1240): Illuminate\\Foundation\\Console\\Kernel->terminate()
#30 /app/artisan(14): Illuminate\\Foundation\\Application->handleCommand()
#31 {main}
"}
[2026-03-06 11:20:39] production.ERROR: SQLSTATE[HY000] [2002] Connection refused (Connection: mysql, SQL: insert into `telescope_entries` (`batch_id`, `content`, `created_at`, `family_hash`, `type`, `uuid`) values (a13c1fd1-e04f-4987-a07f-137e7e4e69ff, {"command":"vendor:publish","exit_code":0,"arguments":{"command":"vendor:publish","0":"vendor:publish"},"options":{"existing":false,"force":false,"all":false,"provider":null,"tag":"visual-migrator-config","help":false,"silent":false,"quiet":false,"verbose":false,"version":false,"ansi":null,"no-interaction":false,"env":null},"hostname":"devbox"}, 2026-03-06 11:20:39, ?, command, a13c1fd1-d73a-4ddb-8f74-ffbf45d50028), (a13c1fd1-e04f-4987-a07f-137e7e4e69ff, {"command":"vendor:publish","exit_code":0,"arguments":{"command":"vendor:publish","0":"vendor:publish"},"options":{"existing":false,"force":true,"all":false,"provider":null,"tag":"visual-migrator-assets","help":false,"silent":false,"quiet":false,"verbose":false,"version":false,"ansi":null,"no-interaction":false,"env":null},"hostname":"devbox"}, 2026-03-06 11:20:39, ?, command, a13c1fd1-de5b-41a5-adf9-096c0b51b406), (a13c1fd1-e04f-4987-a07f-137e7e4e69ff, {"command":"visual-migrator:install","exit_code":0,"arguments":{"command":"visual-migrator:install"},"options":{"help":false,"silent":false,"quiet":false,"verbose":false,"version":false,"ansi":null,"no-interaction":true,"env":null},"hostname":"devbox"}, 2026-03-06 11:20:39, ?, command, a13c1fd1-dfc0-493e-8e9d-797d0f8c7ae4)) {"exception":"[object] (Illuminate\\Database\\QueryException(code: 2002): SQLSTATE[HY000] [2002] Connection refused (Connection: mysql, SQL: insert into `telescope_entries` (`batch_id`, `content`, `created_at`, `family_hash`, `type`, `uuid`) values (a13c1fd1-e04f-4987-a07f-137e7e4e69ff, {\"command\":\"vendor:publish\",\"exit_code\":0,\"arguments\":{\"command\":\"vendor:publish\",\"0\":\"vendor:publish\"},\"options\":{\"existing\":false,\"force\":false,\"all\":false,\"provider\":null,\"tag\":\"visual-migrator-config\",\"help\":false,\"silent\":false,\"quiet\":false,\"verbose\":false,\"version\":false,\"ansi\":null,\"no-interaction\":false,\"env\":null},\"hostname\":\"devbox\"}, 2026-03-06 11:20:39, ?, command, a13c1fd1-d73a-4ddb-8f74-ffbf45d50028), (a13c1fd1-e04f-4987-a07f-137e7e4e69ff, {\"command\":\"vendor:publish\",\"exit_code\":0,\"arguments\":{\"command\":\"vendor:publish\",\"0\":\"vendor:publish\"},\"options\":{\"existing\":false,\"force\":true,\"all\":false,\"provider\":null,\"tag\":\"visual-migrator-assets\",\"help\":false,\"silent\":false,\"quiet\":false,\"verbose\":false,\"version\":false,\"ansi\":null,\"no-interaction\":false,\"env\":null},\"hostname\":\"devbox\"}, 2026-03-06 11:20:39, ?, command, a13c1fd1-de5b-41a5-adf9-096c0b51b406), (a13c1fd1-e04f-4987-a07f-137e7e4e69ff, {\"command\":\"visual-migrator:install\",\"exit_code\":0,\"arguments\":{\"command\":\"visual-migrator:install\"},\"options\":{\"help\":false,\"silent\":false,\"quiet\":false,\"verbose\":false,\"version\":false,\"ansi\":null,\"no-interaction\":true,\"env\":null},\"hostname\":\"devbox\"}, 2026-03-06 11:20:39, ?, command, a13c1fd1-dfc0-493e-8e9d-797d0f8c7ae4)) at /app/vendor/laravel/framework/src/Illuminate/Database/Connection.php:825)
[stacktrace]
#0 /app/vendor/laravel/framework/src/Illuminate/Database/Connection.php(979): Illuminate\\Database\\Connection->runQueryCallback()
#1 /app/vendor/laravel/framework/src/Illuminate/Database/Connection.php(958): Illuminate\\Database\\Connection->tryAgainIfCausedByLostConnection()
#2 /app/vendor/laravel/framework/src/Illuminate/Database/Connection.php(781): Illuminate\\Database\\Connection->handleQueryException()
#3 /app/vendor/laravel/framework/src/Illuminate/Database/MySqlConnection.php(42): Illuminate\\Database\\Connection->run()
#4 /app/vendor/laravel/framework/src/Illuminate/Database/Query/Builder.php(3717): Illuminate\\Database\\MySqlConnection->insert()
#5 /app/vendor/laravel/telescope/src/Storage/DatabaseEntriesRepository.php(145): Illuminate\\Database\\Query\\Builder->insert()
#6 /app/vendor/laravel/framework/src/Illuminate/Collections/Traits/EnumeratesValues.php(261): Laravel\\Telescope\\Storage\\DatabaseEntriesRepository->Laravel\\Telescope\\Storage\\{closure}()
#7 /app/vendor/laravel/telescope/src/Storage/DatabaseEntriesRepository.php(144): Illuminate\\Support\\Collection->each()
#8 /app/vendor/laravel/telescope/src/Telescope.php(664): Laravel\\Telescope\\Storage\\DatabaseEntriesRepository->store()
#9 [internal function]: Laravel\\Telescope\\Telescope::Laravel\\Telescope\\{closure}()
#10 /app/vendor/laravel/telescope/src/Telescope.php(289): call_user_func()
#11 /app/vendor/laravel/telescope/src/Telescope.php(656): Laravel\\Telescope\\Telescope::withoutRecording()
#12 /app/vendor/laravel/telescope/src/ListensForStorageOpportunities.php(65): Laravel\\Telescope\\Telescope::store()
#13 /app/vendor/laravel/framework/src/Illuminate/Container/BoundMethod.php(36): Laravel\\Telescope\\Telescope::Laravel\\Telescope\\{closure}()
#14 /app/vendor/laravel/framework/src/Illuminate/Container/Util.php(43): Illuminate\\Container\\BoundMethod::Illuminate\\Container\\{closure}()
#15 /app/vendor/laravel/framework/src/Illuminate/Container/BoundMethod.php(83): Illuminate\\Container\\Util::unwrapIfClosure()
#16 /app/vendor/laravel/framework/src/Illuminate/Container/BoundMethod.php(35): Illuminate\\Container\\BoundMethod::callBoundMethod()
#17 /app/vendor/laravel/framework/src/Illuminate/Container/Container.php(696): Illuminate\\Container\\BoundMethod::call()
#18 /app/vendor/laravel/framework/src/Illuminate/Foundation/Application.php(1452): Illuminate\\Container\\Container->call()
#19 /app/vendor/laravel/framework/src/Illuminate/Foundation/Console/Kernel.php(219): Illuminate\\Foundation\\Application->terminate()
#20 /app/vendor/laravel/framework/src/Illuminate/Foundation/Application.php(1240): Illuminate\\Foundation\\Console\\Kernel->terminate()
#21 /app/artisan(14): Illuminate\\Foundation\\Application->handleCommand()
#22 {main}

[previous exception] [object] (PDOException(code: 2002): SQLSTATE[HY000] [2002] Connection refused at /app/vendor/laravel/framework/src/Illuminate/Database/Connectors/Connector.php:66)
[stacktrace]
#0 /app/vendor/laravel/framework/src/Illuminate/Database/Connectors/Connector.php(66): PDO->__construct()
#1 /app/vendor/laravel/framework/src/Illuminate/Database/Connectors/Connector.php(85): Illuminate\\Database\\Connectors\\Connector->createPdoConnection()
#2 /app/vendor/laravel/framework/src/Illuminate/Database/Connectors/Connector.php(48): Illuminate\\Database\\Connectors\\Connector->tryAgainIfCausedByLostConnection()
#3 /app/vendor/laravel/framework/src/Illuminate/Database/Connectors/MySqlConnector.php(24): Illuminate\\Database\\Connectors\\Connector->createConnection()
#4 /app/vendor/laravel/framework/src/Illuminate/Database/Connectors/ConnectionFactory.php(185): Illuminate\\Database\\Connectors\\MySqlConnector->connect()
#5 [internal function]: Illuminate\\Database\\Connectors\\ConnectionFactory->Illuminate\\Database\\Connectors\\{closure}()
#6 /app/vendor/laravel/framework/src/Illuminate/Database/Connection.php(1231): call_user_func()
#7 /app/vendor/laravel/framework/src/Illuminate/Database/MySqlConnection.php(47): Illuminate\\Database\\Connection->getPdo()
#8 /app/vendor/laravel/framework/src/Illuminate/Database/Connection.php(812): Illuminate\\Database\\MySqlConnection->Illuminate\\Database\\{closure}()
#9 /app/vendor/laravel/framework/src/Illuminate/Database/Connection.php(979): Illuminate\\Database\\Connection->runQueryCallback()
#10 /app/vendor/laravel/framework/src/Illuminate/Database/Connection.php(958): Illuminate\\Database\\Connection->tryAgainIfCausedByLostConnection()
#11 /app/vendor/laravel/framework/src/Illuminate/Database/Connection.php(781): Illuminate\\Database\\Connection->handleQueryException()
#12 /app/vendor/laravel/framework/src/Illuminate/Database/MySqlConnection.php(42): Illuminate\\Database\\Connection->run()
#13 /app/vendor/laravel/framework/src/Illuminate/Database/Query/Builder.php(3717): Illuminate\\Database\\MySqlConnection->insert()
#14 /app/vendor/laravel/telescope/src/Storage/DatabaseEntriesRepository.php(145): Illuminate\\Database\\Query\\Builder->insert()
#15 /app/vendor/laravel/framework/src/Illuminate/Collections/Traits/EnumeratesValues.php(261): Laravel\\Telescope\\Storage\\DatabaseEntriesRepository->Laravel\\Telescope\\Storage\\{closure}()
#16 /app/vendor/laravel/telescope/src/Storage/DatabaseEntriesRepository.php(144): Illuminate\\Support\\Collection->each()
#17 /app/vendor/laravel/telescope/src/Telescope.php(664): Laravel\\Telescope\\Storage\\DatabaseEntriesRepository->store()
#18 [internal function]: Laravel\\Telescope\\Telescope::Laravel\\Telescope\\{closure}()
#19 /app/vendor/laravel/telescope/src/Telescope.php(289): call_user_func()
#20 /app/vendor/laravel/telescope/src/Telescope.php(656): Laravel\\Telescope\\Telescope::withoutRecording()
#21 /app/vendor/laravel/telescope/src/ListensForStorageOpportunities.php(65): Laravel\\Telescope\\Telescope::store()
#22 /app/vendor/laravel/framework/src/Illuminate/Container/BoundMethod.php(36): Laravel\\Telescope\\Telescope::Laravel\\Telescope\\{closure}()
#23 /app/vendor/laravel/framework/src/Illuminate/Container/Util.php(43): Illuminate\\Container\\BoundMethod::Illuminate\\Container\\{closure}()
#24 /app/vendor/laravel/framework/src/Illuminate/Container/BoundMethod.php(83): Illuminate\\Container\\Util::unwrapIfClosure()
#25 /app/vendor/laravel/framework/src/Illuminate/Container/BoundMethod.php(35): Illuminate\\Container\\BoundMethod::callBoundMethod()
#26 /app/vendor/laravel/framework/src/Illuminate/Container/Container.php(696): Illuminate\\Container\\BoundMethod::call()
#27 /app/vendor/laravel/framework/src/Illuminate/Foundation/Application.php(1452): Illuminate\\Container\\Container->call()
#28 /app/vendor/laravel/framework/src/Illuminate/Foundation/Console/Kernel.php(219): Illuminate\\Foundation\\Application->terminate()
#29 /app/vendor/laravel/framework/src/Illuminate/Foundation/Application.php(1240): Illuminate\\Foundation\\Console\\Kernel->terminate()
#30 /app/artisan(14): Illuminate\\Foundation\\Application->handleCommand()
#31 {main}
"}
[2026-03-06 11:22:42] local.ERROR: SQLSTATE[HY000]: General error: 1 no such table: telescope_entries (Connection: sqlite, SQL: insert into "telescope_entries" ("batch_id", "content", "created_at", "family_hash", "type", "uuid") values (a13c208c-d32c-414d-b6e6-09627c54a2de, {"command":"config:clear","exit_code":0,"arguments":{"command":"config:clear"},"options":{"help":false,"silent":false,"quiet":false,"verbose":false,"version":false,"ansi":null,"no-interaction":false,"env":null},"hostname":"devbox"}, 2026-03-06 11:22:42, ?, command, a13c208c-d0ad-42dc-b1a8-8f4c5942277e)) {"exception":"[object] (Illuminate\\Database\\QueryException(code: HY000): SQLSTATE[HY000]: General error: 1 no such table: telescope_entries (Connection: sqlite, SQL: insert into \"telescope_entries\" (\"batch_id\", \"content\", \"created_at\", \"family_hash\", \"type\", \"uuid\") values (a13c208c-d32c-414d-b6e6-09627c54a2de, {\"command\":\"config:clear\",\"exit_code\":0,\"arguments\":{\"command\":\"config:clear\"},\"options\":{\"help\":false,\"silent\":false,\"quiet\":false,\"verbose\":false,\"version\":false,\"ansi\":null,\"no-interaction\":false,\"env\":null},\"hostname\":\"devbox\"}, 2026-03-06 11:22:42, ?, command, a13c208c-d0ad-42dc-b1a8-8f4c5942277e)) at /app/vendor/laravel/framework/src/Illuminate/Database/Connection.php:825)
[stacktrace]
#0 /app/vendor/laravel/framework/src/Illuminate/Database/Connection.php(779): Illuminate\\Database\\Connection->runQueryCallback()
#1 /app/vendor/laravel/framework/src/Illuminate/Database/Connection.php(560): Illuminate\\Database\\Connection->run()
#2 /app/vendor/laravel/framework/src/Illuminate/Database/Connection.php(524): Illuminate\\Database\\Connection->statement()
#3 /app/vendor/laravel/framework/src/Illuminate/Database/Query/Builder.php(3717): Illuminate\\Database\\Connection->insert()
#4 /app/vendor/laravel/telescope/src/Storage/DatabaseEntriesRepository.php(145): Illuminate\\Database\\Query\\Builder->insert()
#5 /app/vendor/laravel/framework/src/Illuminate/Collections/Traits/EnumeratesValues.php(261): Laravel\\Telescope\\Storage\\DatabaseEntriesRepository->Laravel\\Telescope\\Storage\\{closure}()
#6 /app/vendor/laravel/telescope/src/Storage/DatabaseEntriesRepository.php(144): Illuminate\\Support\\Collection->each()
#7 /app/vendor/laravel/telescope/src/Telescope.php(664): Laravel\\Telescope\\Storage\\DatabaseEntriesRepository->store()
#8 [internal function]: Laravel\\Telescope\\Telescope::Laravel\\Telescope\\{closure}()
#9 /app/vendor/laravel/telescope/src/Telescope.php(289): call_user_func()
#10 /app/vendor/laravel/telescope/src/Telescope.php(656): Laravel\\Telescope\\Telescope::withoutRecording()
#11 /app/vendor/laravel/telescope/src/ListensForStorageOpportunities.php(65): Laravel\\Telescope\\Telescope::store()
#12 /app/vendor/laravel/framework/src/Illuminate/Container/BoundMethod.php(36): Laravel\\Telescope\\Telescope::Laravel\\Telescope\\{closure}()
#13 /app/vendor/laravel/framework/src/Illuminate/Container/Util.php(43): Illuminate\\Container\\BoundMethod::Illuminate\\Container\\{closure}()
#14 /app/vendor/laravel/framework/src/Illuminate/Container/BoundMethod.php(83): Illuminate\\Container\\Util::unwrapIfClosure()
#15 /app/vendor/laravel/framework/src/Illuminate/Container/BoundMethod.php(35): Illuminate\\Container\\BoundMethod::callBoundMethod()
#16 /app/vendor/laravel/framework/src/Illuminate/Container/Container.php(696): Illuminate\\Container\\BoundMethod::call()
#17 /app/vendor/laravel/framework/src/Illuminate/Foundation/Application.php(1452): Illuminate\\Container\\Container->call()
#18 /app/vendor/laravel/framework/src/Illuminate/Foundation/Console/Kernel.php(219): Illuminate\\Foundation\\Application->terminate()
#19 /app/vendor/laravel/framework/src/Illuminate/Foundation/Application.php(1240): Illuminate\\Foundation\\Console\\Kernel->terminate()
#20 /app/artisan(14): Illuminate\\Foundation\\Application->handleCommand()
#21 {main}

[previous exception] [object] (PDOException(code: HY000): SQLSTATE[HY000]: General error: 1 no such table: telescope_entries at /app/vendor/laravel/framework/src/Illuminate/Database/Connection.php:565)
[stacktrace]
#0 /app/vendor/laravel/framework/src/Illuminate/Database/Connection.php(565): PDO->prepare()
#1 /app/vendor/laravel/framework/src/Illuminate/Database/Connection.php(812): Illuminate\\Database\\Connection->Illuminate\\Database\\{closure}()
#2 /app/vendor/laravel/framework/src/Illuminate/Database/Connection.php(779): Illuminate\\Database\\Connection->runQueryCallback()
#3 /app/vendor/laravel/framework/src/Illuminate/Database/Connection.php(560): Illuminate\\Database\\Connection->run()
#4 /app/vendor/laravel/framework/src/Illuminate/Database/Connection.php(524): Illuminate\\Database\\Connection->statement()
#5 /app/vendor/laravel/framework/src/Illuminate/Database/Query/Builder.php(3717): Illuminate\\Database\\Connection->insert()
#6 /app/vendor/laravel/telescope/src/Storage/DatabaseEntriesRepository.php(145): Illuminate\\Database\\Query\\Builder->insert()
#7 /app/vendor/laravel/framework/src/Illuminate/Collections/Traits/EnumeratesValues.php(261): Laravel\\Telescope\\Storage\\DatabaseEntriesRepository->Laravel\\Telescope\\Storage\\{closure}()
#8 /app/vendor/laravel/telescope/src/Storage/DatabaseEntriesRepository.php(144): Illuminate\\Support\\Collection->each()
#9 /app/vendor/laravel/telescope/src/Telescope.php(664): Laravel\\Telescope\\Storage\\DatabaseEntriesRepository->store()
#10 [internal function]: Laravel\\Telescope\\Telescope::Laravel\\Telescope\\{closure}()
#11 /app/vendor/laravel/telescope/src/Telescope.php(289): call_user_func()
#12 /app/vendor/laravel/telescope/src/Telescope.php(656): Laravel\\Telescope\\Telescope::withoutRecording()
#13 /app/vendor/laravel/telescope/src/ListensForStorageOpportunities.php(65): Laravel\\Telescope\\Telescope::store()
#14 /app/vendor/laravel/framework/src/Illuminate/Container/BoundMethod.php(36): Laravel\\Telescope\\Telescope::Laravel\\Telescope\\{closure}()
#15 /app/vendor/laravel/framework/src/Illuminate/Container/Util.php(43): Illuminate\\Container\\BoundMethod::Illuminate\\Container\\{closure}()
#16 /app/vendor/laravel/framework/src/Illuminate/Container/BoundMethod.php(83): Illuminate\\Container\\Util::unwrapIfClosure()
#17 /app/vendor/laravel/framework/src/Illuminate/Container/BoundMethod.php(35): Illuminate\\Container\\BoundMethod::callBoundMethod()
#18 /app/vendor/laravel/framework/src/Illuminate/Container/Container.php(696): Illuminate\\Container\\BoundMethod::call()
#19 /app/vendor/laravel/framework/src/Illuminate/Foundation/Application.php(1452): Illuminate\\Container\\Container->call()
#20 /app/vendor/laravel/framework/src/Illuminate/Foundation/Console/Kernel.php(219): Illuminate\\Foundation\\Application->terminate()
#21 /app/vendor/laravel/framework/src/Illuminate/Foundation/Application.php(1240): Illuminate\\Foundation\\Console\\Kernel->terminate()
#22 /app/artisan(14): Illuminate\\Foundation\\Application->handleCommand()
#23 {main}
"}
[2026-03-06 11:23:23] local.ERROR: SQLSTATE[HY000]: General error: 1 no such table: telescope_entries (Connection: sqlite, SQL: insert into "telescope_entries" ("batch_id", "content", "created_at", "family_hash", "type", "uuid") values (a13c20cc-9227-424e-bd42-bf6c808fe055, {"command":"route:list","exit_code":0,"arguments":{"command":"route:list"},"options":{"json":false,"method":null,"action":null,"name":null,"domain":null,"path":null,"except-path":null,"reverse":false,"sort":"uri","except-vendor":false,"only-vendor":false,"help":false,"silent":false,"quiet":false,"verbose":false,"version":false,"ansi":null,"no-interaction":false,"env":null},"hostname":"devbox"}, 2026-03-06 11:23:23, ?, command, a13c20cc-8f28-4bdb-b51e-a8eccab4726d)) {"exception":"[object] (Illuminate\\Database\\QueryException(code: HY000): SQLSTATE[HY000]: General error: 1 no such table: telescope_entries (Connection: sqlite, SQL: insert into \"telescope_entries\" (\"batch_id\", \"content\", \"created_at\", \"family_hash\", \"type\", \"uuid\") values (a13c20cc-9227-424e-bd42-bf6c808fe055, {\"command\":\"route:list\",\"exit_code\":0,\"arguments\":{\"command\":\"route:list\"},\"options\":{\"json\":false,\"method\":null,\"action\":null,\"name\":null,\"domain\":null,\"path\":null,\"except-path\":null,\"reverse\":false,\"sort\":\"uri\",\"except-vendor\":false,\"only-vendor\":false,\"help\":false,\"silent\":false,\"quiet\":false,\"verbose\":false,\"version\":false,\"ansi\":null,\"no-interaction\":false,\"env\":null},\"hostname\":\"devbox\"}, 2026-03-06 11:23:23, ?, command, a13c20cc-8f28-4bdb-b51e-a8eccab4726d)) at /app/vendor/laravel/framework/src/Illuminate/Database/Connection.php:825)
[stacktrace]
#0 /app/vendor/laravel/framework/src/Illuminate/Database/Connection.php(779): Illuminate\\Database\\Connection->runQueryCallback()
#1 /app/vendor/laravel/framework/src/Illuminate/Database/Connection.php(560): Illuminate\\Database\\Connection->run()
#2 /app/vendor/laravel/framework/src/Illuminate/Database/Connection.php(524): Illuminate\\Database\\Connection->statement()
#3 /app/vendor/laravel/framework/src/Illuminate/Database/Query/Builder.php(3717): Illuminate\\Database\\Connection->insert()
#4 /app/vendor/laravel/telescope/src/Storage/DatabaseEntriesRepository.php(145): Illuminate\\Database\\Query\\Builder->insert()
#5 /app/vendor/laravel/framework/src/Illuminate/Collections/Traits/EnumeratesValues.php(261): Laravel\\Telescope\\Storage\\DatabaseEntriesRepository->Laravel\\Telescope\\Storage\\{closure}()
#6 /app/vendor/laravel/telescope/src/Storage/DatabaseEntriesRepository.php(144): Illuminate\\Support\\Collection->each()
#7 /app/vendor/laravel/telescope/src/Telescope.php(664): Laravel\\Telescope\\Storage\\DatabaseEntriesRepository->store()
#8 [internal function]: Laravel\\Telescope\\Telescope::Laravel\\Telescope\\{closure}()
#9 /app/vendor/laravel/telescope/src/Telescope.php(289): call_user_func()
#10 /app/vendor/laravel/telescope/src/Telescope.php(656): Laravel\\Telescope\\Telescope::withoutRecording()
#11 /app/vendor/laravel/telescope/src/ListensForStorageOpportunities.php(65): Laravel\\Telescope\\Telescope::store()
#12 /app/vendor/laravel/framework/src/Illuminate/Container/BoundMethod.php(36): Laravel\\Telescope\\Telescope::Laravel\\Telescope\\{closure}()
#13 /app/vendor/laravel/framework/src/Illuminate/Container/Util.php(43): Illuminate\\Container\\BoundMethod::Illuminate\\Container\\{closure}()
#14 /app/vendor/laravel/framework/src/Illuminate/Container/BoundMethod.php(83): Illuminate\\Container\\Util::unwrapIfClosure()
#15 /app/vendor/laravel/framework/src/Illuminate/Container/BoundMethod.php(35): Illuminate\\Container\\BoundMethod::callBoundMethod()
#16 /app/vendor/laravel/framework/src/Illuminate/Container/Container.php(696): Illuminate\\Container\\BoundMethod::call()
#17 /app/vendor/laravel/framework/src/Illuminate/Foundation/Application.php(1452): Illuminate\\Container\\Container->call()
#18 /app/vendor/laravel/framework/src/Illuminate/Foundation/Console/Kernel.php(219): Illuminate\\Foundation\\Application->terminate()
#19 /app/vendor/laravel/framework/src/Illuminate/Foundation/Application.php(1240): Illuminate\\Foundation\\Console\\Kernel->terminate()
#20 /app/artisan(14): Illuminate\\Foundation\\Application->handleCommand()
#21 {main}

[previous exception] [object] (PDOException(code: HY000): SQLSTATE[HY000]: General error: 1 no such table: telescope_entries at /app/vendor/laravel/framework/src/Illuminate/Database/Connection.php:565)
[stacktrace]
#0 /app/vendor/laravel/framework/src/Illuminate/Database/Connection.php(565): PDO->prepare()
#1 /app/vendor/laravel/framework/src/Illuminate/Database/Connection.php(812): Illuminate\\Database\\Connection->Illuminate\\Database\\{closure}()
#2 /app/vendor/laravel/framework/src/Illuminate/Database/Connection.php(779): Illuminate\\Database\\Connection->runQueryCallback()
#3 /app/vendor/laravel/framework/src/Illuminate/Database/Connection.php(560): Illuminate\\Database\\Connection->run()
#4 /app/vendor/laravel/framework/src/Illuminate/Database/Connection.php(524): Illuminate\\Database\\Connection->statement()
#5 /app/vendor/laravel/framework/src/Illuminate/Database/Query/Builder.php(3717): Illuminate\\Database\\Connection->insert()
#6 /app/vendor/laravel/telescope/src/Storage/DatabaseEntriesRepository.php(145): Illuminate\\Database\\Query\\Builder->insert()
#7 /app/vendor/laravel/framework/src/Illuminate/Collections/Traits/EnumeratesValues.php(261): Laravel\\Telescope\\Storage\\DatabaseEntriesRepository->Laravel\\Telescope\\Storage\\{closure}()
#8 /app/vendor/laravel/telescope/src/Storage/DatabaseEntriesRepository.php(144): Illuminate\\Support\\Collection->each()
#9 /app/vendor/laravel/telescope/src/Telescope.php(664): Laravel\\Telescope\\Storage\\DatabaseEntriesRepository->store()
#10 [internal function]: Laravel\\Telescope\\Telescope::Laravel\\Telescope\\{closure}()
#11 /app/vendor/laravel/telescope/src/Telescope.php(289): call_user_func()
#12 /app/vendor/laravel/telescope/src/Telescope.php(656): Laravel\\Telescope\\Telescope::withoutRecording()
#13 /app/vendor/laravel/telescope/src/ListensForStorageOpportunities.php(65): Laravel\\Telescope\\Telescope::store()
#14 /app/vendor/laravel/framework/src/Illuminate/Container/BoundMethod.php(36): Laravel\\Telescope\\Telescope::Laravel\\Telescope\\{closure}()
#15 /app/vendor/laravel/framework/src/Illuminate/Container/Util.php(43): Illuminate\\Container\\BoundMethod::Illuminate\\Container\\{closure}()
#16 /app/vendor/laravel/framework/src/Illuminate/Container/BoundMethod.php(83): Illuminate\\Container\\Util::unwrapIfClosure()
#17 /app/vendor/laravel/framework/src/Illuminate/Container/BoundMethod.php(35): Illuminate\\Container\\BoundMethod::callBoundMethod()
#18 /app/vendor/laravel/framework/src/Illuminate/Container/Container.php(696): Illuminate\\Container\\BoundMethod::call()
#19 /app/vendor/laravel/framework/src/Illuminate/Foundation/Application.php(1452): Illuminate\\Container\\Container->call()
#20 /app/vendor/laravel/framework/src/Illuminate/Foundation/Console/Kernel.php(219): Illuminate\\Foundation\\Application->terminate()
#21 /app/vendor/laravel/framework/src/Illuminate/Foundation/Application.php(1240): Illuminate\\Foundation\\Console\\Kernel->terminate()
#22 /app/artisan(14): Illuminate\\Foundation\\Application->handleCommand()
#23 {main}
"}
